#
# There is insufficient memory for the Java Runtime Environment to continue.
# Native memory allocation (malloc) failed to allocate 1044336 bytes for Chunk::new
# Possible reasons:
#   The system is out of physical RAM or swap space
#   The process is running with CompressedOops enabled, and the Java Heap may be blocking the growth of the native heap
# Possible solutions:
#   Reduce memory load on the system
#   Increase physical memory or swap space
#   Check if swap backing store is full
#   Decrease Java heap size (-Xmx/-Xms)
#   Decrease number of Java threads
#   Decrease Java thread stack sizes (-Xss)
#   Set larger code cache with -XX:ReservedCodeCacheSize=
#   JVM is running with Unscaled Compressed Oops mode in which the Java heap is
#     placed in the first 4GB address space. The Java Heap base address is the
#     maximum limit for the native heap growth. Please use -XX:HeapBaseMinAddress
#     to set the Java Heap base and to place the Java Heap above 4GB virtual address.
# This output file may be truncated or incomplete.
#
#  Out of Memory Error (allocation.cpp:389), pid=3832, tid=0x00000000000015b4
#
# JRE version: OpenJDK Runtime Environment (8.0_242-b01) (build 1.8.0_242-release-1644-b01)
# Java VM: OpenJDK 64-Bit Server VM (25.242-b01 mixed mode windows-amd64 compressed oops)
# Failed to write core dump. Minidumps are not enabled by default on client versions of Windows
#

---------------  T H R E A D  ---------------

Current thread (0x0000000016719000):  JavaThread "C2 CompilerThread0" daemon [_thread_in_native, id=5556, stack(0x0000000017d80000,0x0000000017e80000)]

Stack: [0x0000000017d80000,0x0000000017e80000]
[error occurred during error reporting (printing stack bounds), id 0xc0000005]

Native frames: (J=compiled Java code, j=interpreted, Vv=VM code, C=native code)


Current CompileTask:
C2:  90249 12472   !   4       java.nio.file.FileTreeWalker::next (144 bytes)


---------------  P R O C E S S  ---------------

Java Threads: ( => current thread )
  0x000000001aa03800 JavaThread "Cache worker for execution history cache (D:\flutter_projects\bkatilproject-main\bkatilproject-main\android\.gradle\6.7.1\executionHistory)" [_thread_in_native, id=9980, stack(0x000000002d4b0000,0x000000002d5b0000)]
  0x000000001aa02000 JavaThread "Execution worker for ':' Thread 3" [_thread_blocked, id=13064, stack(0x000000002d3b0000,0x000000002d4b0000)]
  0x000000001a9fd800 JavaThread "Execution worker for ':' Thread 2" [_thread_blocked, id=12872, stack(0x000000002d2b0000,0x000000002d3b0000)]
  0x000000001aa00800 JavaThread "Execution worker for ':'" [_thread_blocked, id=12936, stack(0x000000002b770000,0x000000002b870000)]
  0x000000001a9fc000 JavaThread "build event listener" [_thread_blocked, id=3760, stack(0x0000000029d80000,0x0000000029e80000)]
  0x000000001a9fb000 JavaThread "Memory manager" [_thread_blocked, id=5604, stack(0x0000000029680000,0x0000000029780000)]
  0x000000001aa01000 JavaThread "jar transforms Thread 118" [_thread_blocked, id=6936, stack(0x0000000028d80000,0x0000000028e80000)]
  0x000000001d3bb800 JavaThread "jar transforms Thread 117" [_thread_blocked, id=13212, stack(0x0000000028c80000,0x0000000028d80000)]
  0x000000001d3ba800 JavaThread "jar transforms Thread 116" [_thread_blocked, id=11524, stack(0x0000000028b80000,0x0000000028c80000)]
  0x000000001d3ba000 JavaThread "jar transforms Thread 115" [_thread_blocked, id=7548, stack(0x0000000028a80000,0x0000000028b80000)]
  0x000000001d3b9000 JavaThread "jar transforms Thread 114" [_thread_blocked, id=2124, stack(0x0000000028980000,0x0000000028a80000)]
  0x000000001d3b8800 JavaThread "jar transforms Thread 113" [_thread_blocked, id=3488, stack(0x0000000028880000,0x0000000028980000)]
  0x000000001d3b1000 JavaThread "jar transforms Thread 112" [_thread_blocked, id=6800, stack(0x0000000028780000,0x0000000028880000)]
  0x000000001d3b7800 JavaThread "jar transforms Thread 111" [_thread_blocked, id=7004, stack(0x0000000028680000,0x0000000028780000)]
  0x000000001d3b7000 JavaThread "jar transforms Thread 110" [_thread_blocked, id=12020, stack(0x0000000028580000,0x0000000028680000)]
  0x000000001d3b5800 JavaThread "jar transforms Thread 109" [_thread_blocked, id=11800, stack(0x0000000028480000,0x0000000028580000)]
  0x000000001d3b6000 JavaThread "jar transforms Thread 108" [_thread_blocked, id=3904, stack(0x0000000028380000,0x0000000028480000)]
  0x000000001d3af800 JavaThread "jar transforms Thread 107" [_thread_blocked, id=4084, stack(0x0000000028280000,0x0000000028380000)]
  0x000000001d3b3000 JavaThread "jar transforms Thread 106" [_thread_blocked, id=6500, stack(0x0000000028180000,0x0000000028280000)]
  0x000000001d3b2800 JavaThread "jar transforms Thread 105" [_thread_blocked, id=8852, stack(0x0000000028080000,0x0000000028180000)]
  0x000000001d3ae800 JavaThread "jar transforms Thread 104" [_thread_blocked, id=7660, stack(0x0000000027f80000,0x0000000028080000)]
  0x000000001d3b4800 JavaThread "jar transforms Thread 103" [_thread_blocked, id=12948, stack(0x0000000027e80000,0x0000000027f80000)]
  0x000000001d3b0000 JavaThread "jar transforms Thread 102" [_thread_blocked, id=9020, stack(0x0000000027d80000,0x0000000027e80000)]
  0x000000001d3ad000 JavaThread "jar transforms Thread 101" [_thread_blocked, id=1268, stack(0x0000000027c80000,0x0000000027d80000)]
  0x000000001d3b4000 JavaThread "jar transforms Thread 100" [_thread_blocked, id=13140, stack(0x0000000027b80000,0x0000000027c80000)]
  0x000000001d3ae000 JavaThread "jar transforms Thread 99" [_thread_blocked, id=2060, stack(0x0000000027980000,0x0000000027a80000)]
  0x000000001d3b1800 JavaThread "jar transforms Thread 98" [_thread_blocked, id=11100, stack(0x0000000027880000,0x0000000027980000)]
  0x000000001d3ac800 JavaThread "jar transforms Thread 97" [_thread_blocked, id=2264, stack(0x0000000027780000,0x0000000027880000)]
  0x000000001cd3d800 JavaThread "jar transforms Thread 96" [_thread_blocked, id=8568, stack(0x0000000027680000,0x0000000027780000)]
  0x000000001cd3b800 JavaThread "jar transforms Thread 95" [_thread_blocked, id=8088, stack(0x0000000027580000,0x0000000027680000)]
  0x000000001cd3a000 JavaThread "jar transforms Thread 94" [_thread_blocked, id=12576, stack(0x0000000027480000,0x0000000027580000)]
  0x000000001cd3d000 JavaThread "jar transforms Thread 93" [_thread_blocked, id=6132, stack(0x0000000027380000,0x0000000027480000)]
  0x000000001cd3f000 JavaThread "jar transforms Thread 92" [_thread_blocked, id=12800, stack(0x0000000027280000,0x0000000027380000)]
  0x000000001cd3e800 JavaThread "jar transforms Thread 91" [_thread_blocked, id=9492, stack(0x0000000027180000,0x0000000027280000)]
  0x000000001cd40000 JavaThread "jar transforms Thread 90" [_thread_blocked, id=1456, stack(0x0000000027080000,0x0000000027180000)]
  0x000000001cd3c000 JavaThread "jar transforms Thread 89" [_thread_blocked, id=2488, stack(0x0000000026f80000,0x0000000027080000)]
  0x000000001cd3a800 JavaThread "jar transforms Thread 88" [_thread_blocked, id=636, stack(0x0000000026e80000,0x0000000026f80000)]
  0x000000001cd32000 JavaThread "jar transforms Thread 87" [_thread_blocked, id=9120, stack(0x0000000026d80000,0x0000000026e80000)]
  0x000000001cd37000 JavaThread "jar transforms Thread 86" [_thread_blocked, id=3204, stack(0x0000000026c80000,0x0000000026d80000)]
  0x000000001cd38800 JavaThread "jar transforms Thread 85" [_thread_blocked, id=12724, stack(0x0000000026b80000,0x0000000026c80000)]
  0x000000001cd39000 JavaThread "jar transforms Thread 84" [_thread_blocked, id=7272, stack(0x0000000026a80000,0x0000000026b80000)]
  0x000000001cd37800 JavaThread "jar transforms Thread 83" [_thread_blocked, id=10900, stack(0x0000000026980000,0x0000000026a80000)]
  0x000000001cd30800 JavaThread "jar transforms Thread 82" [_thread_blocked, id=11968, stack(0x0000000026880000,0x0000000026980000)]
  0x000000001cd34800 JavaThread "jar transforms Thread 81" [_thread_blocked, id=11712, stack(0x0000000026780000,0x0000000026880000)]
  0x000000001cd33000 JavaThread "jar transforms Thread 80" [_thread_blocked, id=9500, stack(0x0000000026680000,0x0000000026780000)]
  0x000000001cd35800 JavaThread "jar transforms Thread 79" [_thread_blocked, id=11144, stack(0x0000000026580000,0x0000000026680000)]
  0x000000001cd31800 JavaThread "jar transforms Thread 78" [_thread_blocked, id=12992, stack(0x0000000026480000,0x0000000026580000)]
  0x000000001cd36000 JavaThread "jar transforms Thread 77" [_thread_blocked, id=1716, stack(0x0000000026380000,0x0000000026480000)]
  0x000000001cd34000 JavaThread "jar transforms Thread 76" [_thread_blocked, id=10692, stack(0x0000000026280000,0x0000000026380000)]
  0x000000001a3c1000 JavaThread "jar transforms Thread 75" [_thread_blocked, id=12304, stack(0x0000000026180000,0x0000000026280000)]
  0x000000001a3c5800 JavaThread "jar transforms Thread 74" [_thread_blocked, id=656, stack(0x0000000026080000,0x0000000026180000)]
  0x000000001a3c3800 JavaThread "jar transforms Thread 73" [_thread_blocked, id=9476, stack(0x0000000025f80000,0x0000000026080000)]
  0x000000001a3c2800 JavaThread "jar transforms Thread 72" [_thread_blocked, id=8844, stack(0x0000000025e80000,0x0000000025f80000)]
  0x000000001a3c4000 JavaThread "jar transforms Thread 71" [_thread_blocked, id=10732, stack(0x0000000025d80000,0x0000000025e80000)]
  0x000000001a3c6800 JavaThread "jar transforms Thread 70" [_thread_blocked, id=2988, stack(0x0000000025c80000,0x0000000025d80000)]
  0x000000001a3c0800 JavaThread "jar transforms Thread 69" [_thread_blocked, id=1804, stack(0x0000000025b80000,0x0000000025c80000)]
  0x000000001a3c2000 JavaThread "jar transforms Thread 68" [_thread_blocked, id=2580, stack(0x0000000025a80000,0x0000000025b80000)]
  0x000000001a3c5000 JavaThread "jar transforms Thread 67" [_thread_blocked, id=12784, stack(0x0000000025980000,0x0000000025a80000)]
  0x000000001a3b9800 JavaThread "jar transforms Thread 66" [_thread_blocked, id=11844, stack(0x0000000025880000,0x0000000025980000)]
  0x000000001a3bf800 JavaThread "jar transforms Thread 65" [_thread_blocked, id=11304, stack(0x0000000025780000,0x0000000025880000)]
  0x000000001a3b8000 JavaThread "jar transforms Thread 64" [_thread_blocked, id=11812, stack(0x0000000025680000,0x0000000025780000)]
  0x000000001a3b9000 JavaThread "jar transforms Thread 63" [_thread_blocked, id=1832, stack(0x0000000025580000,0x0000000025680000)]
  0x000000001a3bf000 JavaThread "jar transforms Thread 62" [_thread_blocked, id=11972, stack(0x0000000025480000,0x0000000025580000)]
  0x000000001a3bc800 JavaThread "jar transforms Thread 61" [_thread_blocked, id=12592, stack(0x0000000025380000,0x0000000025480000)]
  0x000000001a3be000 JavaThread "jar transforms Thread 60" [_thread_blocked, id=11560, stack(0x0000000025280000,0x0000000025380000)]
  0x000000001a3bc000 JavaThread "jar transforms Thread 59" [_thread_blocked, id=11556, stack(0x0000000025180000,0x0000000025280000)]
  0x000000001a3bb000 JavaThread "jar transforms Thread 58" [_thread_blocked, id=5804, stack(0x0000000025080000,0x0000000025180000)]
  0x000000001a3bd800 JavaThread "jar transforms Thread 57" [_thread_blocked, id=13032, stack(0x0000000024f80000,0x0000000025080000)]
  0x000000001a3b7000 JavaThread "jar transforms Thread 56" [_thread_blocked, id=4932, stack(0x0000000024e80000,0x0000000024f80000)]
  0x000000001a3ba800 JavaThread "jar transforms Thread 55" [_thread_blocked, id=8640, stack(0x0000000024d80000,0x0000000024e80000)]
  0x000000001f18c800 JavaThread "jar transforms Thread 54" [_thread_blocked, id=7840, stack(0x0000000024c80000,0x0000000024d80000)]
  0x000000001f18e800 JavaThread "jar transforms Thread 53" [_thread_blocked, id=12760, stack(0x0000000024b80000,0x0000000024c80000)]
  0x000000001f18e000 JavaThread "jar transforms Thread 52" [_thread_blocked, id=1248, stack(0x0000000024a80000,0x0000000024b80000)]
  0x000000001f18d000 JavaThread "jar transforms Thread 51" [_thread_blocked, id=2280, stack(0x0000000024980000,0x0000000024a80000)]
  0x000000001f185000 JavaThread "jar transforms Thread 50" [_thread_blocked, id=12632, stack(0x0000000024880000,0x0000000024980000)]
  0x000000001f18b800 JavaThread "jar transforms Thread 49" [_thread_blocked, id=9016, stack(0x0000000024780000,0x0000000024880000)]
  0x000000001f184000 JavaThread "jar transforms Thread 48" [_thread_blocked, id=8376, stack(0x0000000024680000,0x0000000024780000)]
  0x000000001f189800 JavaThread "jar transforms Thread 47" [_thread_blocked, id=1224, stack(0x0000000024580000,0x0000000024680000)]
  0x000000001f18b000 JavaThread "jar transforms Thread 46" [_thread_blocked, id=9092, stack(0x0000000024480000,0x0000000024580000)]
  0x000000001f183800 JavaThread "jar transforms Thread 45" [_thread_blocked, id=9760, stack(0x0000000024380000,0x0000000024480000)]
  0x000000001f18a000 JavaThread "jar transforms Thread 44" [_thread_blocked, id=5968, stack(0x0000000024280000,0x0000000024380000)]
  0x000000001f185800 JavaThread "jar transforms Thread 43" [_thread_blocked, id=7604, stack(0x0000000024180000,0x0000000024280000)]
  0x000000001f188800 JavaThread "jar transforms Thread 42" [_thread_blocked, id=6228, stack(0x0000000024080000,0x0000000024180000)]
  0x000000001f186800 JavaThread "jar transforms Thread 41" [_thread_blocked, id=12292, stack(0x0000000023f80000,0x0000000024080000)]
  0x000000001f188000 JavaThread "jar transforms Thread 40" [_thread_blocked, id=8588, stack(0x0000000023e80000,0x0000000023f80000)]
  0x000000001f181800 JavaThread "jar transforms Thread 39" [_thread_blocked, id=6464, stack(0x0000000023d80000,0x0000000023e80000)]
  0x000000001f182800 JavaThread "jar transforms Thread 38" [_thread_blocked, id=12976, stack(0x0000000023c80000,0x0000000023d80000)]
  0x000000001f187000 JavaThread "jar transforms Thread 37" [_thread_blocked, id=8708, stack(0x0000000023b80000,0x0000000023c80000)]
  0x000000001f17f800 JavaThread "jar transforms Thread 36" [_thread_blocked, id=3064, stack(0x0000000023a80000,0x0000000023b80000)]
  0x000000001f181000 JavaThread "jar transforms Thread 35" [_thread_blocked, id=4180, stack(0x0000000023980000,0x0000000023a80000)]
  0x000000001f180000 JavaThread "jar transforms Thread 34" [_thread_blocked, id=12644, stack(0x0000000023880000,0x0000000023980000)]
  0x0000000018d9c800 JavaThread "jar transforms Thread 33" [_thread_blocked, id=3172, stack(0x0000000023780000,0x0000000023880000)]
  0x0000000018d99000 JavaThread "jar transforms Thread 32" [_thread_blocked, id=5236, stack(0x0000000023680000,0x0000000023780000)]
  0x0000000018d98000 JavaThread "jar transforms Thread 31" [_thread_blocked, id=9596, stack(0x0000000023580000,0x0000000023680000)]
  0x0000000018d99800 JavaThread "jar transforms Thread 30" [_thread_blocked, id=3140, stack(0x0000000023480000,0x0000000023580000)]
  0x0000000018d97800 JavaThread "jar transforms Thread 29" [_thread_blocked, id=1260, stack(0x0000000023380000,0x0000000023480000)]
  0x0000000018d9a800 JavaThread "jar transforms Thread 28" [_thread_blocked, id=7852, stack(0x0000000023280000,0x0000000023380000)]
  0x0000000018d9c000 JavaThread "jar transforms Thread 27" [_thread_blocked, id=6140, stack(0x0000000023180000,0x0000000023280000)]
  0x0000000019b88000 JavaThread "Build operations Thread 4" [_thread_blocked, id=10096, stack(0x0000000021780000,0x0000000021880000)]
  0x0000000019b8f000 JavaThread "Build operations Thread 3" [_thread_blocked, id=4820, stack(0x0000000021680000,0x0000000021780000)]
  0x0000000019b87800 JavaThread "Build operations Thread 2" [_thread_blocked, id=12880, stack(0x0000000021580000,0x0000000021680000)]
  0x0000000019b8e000 JavaThread "Build operations" [_thread_blocked, id=12736, stack(0x0000000021480000,0x0000000021580000)]
  0x0000000019b8d800 JavaThread "Cache worker for Build Output Cleanup Cache (D:\flutter_projects\bkatilproject-main\bkatilproject-main\android\.gradle\buildOutputCleanup)" [_thread_blocked, id=8288, stack(0x0000000021180000,0x0000000021280000)]
  0x0000000019b89800 JavaThread "Cache worker for file content cache (C:\Users\enes\.gradle\caches\6.7.1\fileContent)" [_thread_blocked, id=4568, stack(0x0000000020a80000,0x0000000020b80000)]
  0x0000000018c93800 JavaThread "Cache worker for execution history cache (C:\Users\enes\.gradle\caches\6.7.1\executionHistory)" [_thread_blocked, id=11244, stack(0x000000001e290000,0x000000001e390000)]
  0x0000000018c93000 JavaThread "Cache worker for cache directory md-rule (C:\Users\enes\.gradle\caches\6.7.1\md-rule)" [_thread_blocked, id=9592, stack(0x000000001e190000,0x000000001e290000)]
  0x0000000018c92000 JavaThread "Cache worker for cache directory md-supplier (C:\Users\enes\.gradle\caches\6.7.1\md-supplier)" [_thread_blocked, id=9844, stack(0x000000001e090000,0x000000001e190000)]
  0x0000000018c90800 JavaThread "Cache worker for checksums cache (D:\flutter_projects\bkatilproject-main\bkatilproject-main\android\.gradle\checksums)" [_thread_blocked, id=612, stack(0x000000001dd90000,0x000000001de90000)]
  0x0000000018c91800 JavaThread "Cache worker for file hash cache (D:\flutter_projects\bkatilproject-main\bkatilproject-main\android\.gradle\6.7.1\fileHashes)" [_thread_blocked, id=9616, stack(0x000000001dc90000,0x000000001dd90000)]
  0x0000000018c95000 JavaThread "Cache worker for journal cache (C:\Users\enes\.gradle\caches\journal-1)" [_thread_blocked, id=10852, stack(0x000000001d790000,0x000000001d890000)]
  0x0000000018c96000 JavaThread "File lock request listener" [_thread_in_native, id=3944, stack(0x000000001c6c0000,0x000000001c7c0000)]
  0x0000000018c94800 JavaThread "Cache worker for file hash cache (C:\Users\enes\.gradle\caches\6.7.1\fileHashes)" [_thread_blocked, id=5328, stack(0x000000001c4c0000,0x000000001c5c0000)]
  0x0000000019199800 JavaThread "Thread-9" [_thread_blocked, id=852, stack(0x000000001c1c0000,0x000000001c2c0000)]
  0x0000000018f58000 JavaThread "Asynchronous log dispatcher for DefaultDaemonConnection: socket connection from /127.0.0.1:63678 to /127.0.0.1:63679" [_thread_blocked, id=2208, stack(0x000000001bfc0000,0x000000001c0c0000)]
  0x0000000018e79000 JavaThread "Daemon worker" [_thread_blocked, id=11668, stack(0x000000001bec0000,0x000000001bfc0000)]
  0x0000000018e78000 JavaThread "Cancel handler" [_thread_blocked, id=2212, stack(0x000000001bdc0000,0x000000001bec0000)]
  0x0000000018e75800 JavaThread "Handler for socket connection from /127.0.0.1:63678 to /127.0.0.1:63679" [_thread_in_native, id=4856, stack(0x000000001bac0000,0x000000001bbc0000)]
  0x0000000018e74800 JavaThread "Daemon" [_thread_blocked, id=10140, stack(0x000000001b9c0000,0x000000001bac0000)]
  0x0000000019f70800 JavaThread "Daemon periodic checks" [_thread_blocked, id=8784, stack(0x000000001b8c0000,0x000000001b9c0000)]
  0x0000000019f6c000 JavaThread "Incoming local TCP Connector on port 63678" [_thread_in_native, id=2020, stack(0x000000001b680000,0x000000001b780000)]
  0x0000000018441000 JavaThread "Daemon health stats" [_thread_blocked, id=6556, stack(0x000000001b020000,0x000000001b120000)]
  0x000000001676e800 JavaThread "Service Thread" daemon [_thread_blocked, id=11680, stack(0x0000000018480000,0x0000000018580000)]
  0x0000000016726800 JavaThread "C1 CompilerThread2" daemon [_thread_blocked, id=864, stack(0x0000000017f80000,0x0000000018080000)]
  0x000000001671d000 JavaThread "C2 CompilerThread1" daemon [_thread_blocked, id=11060, stack(0x0000000017e80000,0x0000000017f80000)]
=>0x0000000016719000 JavaThread "C2 CompilerThread0" daemon [_thread_in_native, id=5556, stack(0x0000000017d80000,0x0000000017e80000)]
  0x0000000016716800 JavaThread "Attach Listener" daemon [_thread_blocked, id=11356, stack(0x0000000017c80000,0x0000000017d80000)]
  0x0000000016715000 JavaThread "Signal Dispatcher" daemon [_thread_blocked, id=12344, stack(0x0000000017b80000,0x0000000017c80000)]
  0x0000000002d6c000 JavaThread "Finalizer" daemon [_thread_blocked, id=6156, stack(0x0000000017980000,0x0000000017a80000)]
  0x00000000166f9800 JavaThread "Reference Handler" daemon [_thread_blocked, id=12572, stack(0x0000000017880000,0x0000000017980000)]
  0x0000000002c72800 JavaThread "main" [_thread_blocked, id=3696, stack(0x0000000002b50000,0x0000000002c50000)]

Other Threads:
  0x00000000166d7800 VMThread [stack: 0x0000000017780000,0x0000000017880000] [id=12600]
  0x00000000180b1800 WatcherThread [stack: 0x0000000018580000,0x0000000018680000] [id=13000]

VM state:not at safepoint (normal execution)

VM Mutex/Monitor currently owned by a thread: None

heap address: 0x00000000a0000000, size: 1536 MB, Compressed Oops mode: 32-bit
Narrow klass base: 0x0000000000000000, Narrow klass shift: 3
Compressed class space size: 1073741824 Address: 0x0000000100000000

Heap:
 PSYoungGen      total 137728K, used 122895K [0x00000000e0000000, 0x00000000ea900000, 0x0000000100000000)
  eden space 107520K, 99% used [0x00000000e0000000,0x00000000e68a7d48,0x00000000e6900000)
  from space 30208K, 52% used [0x00000000e8b80000,0x00000000e9adc190,0x00000000ea900000)
  to   space 32768K, 0% used [0x00000000e6900000,0x00000000e6900000,0x00000000e8900000)
 ParOldGen       total 101376K, used 72530K [0x00000000a0000000, 0x00000000a6300000, 0x00000000e0000000)
  object space 101376K, 71% used [0x00000000a0000000,0x00000000a46d4bb0,0x00000000a6300000)
 Metaspace       used 75329K, capacity 81102K, committed 81408K, reserved 1120256K
  class space    used 10344K, capacity 11419K, committed 11520K, reserved 1048576K

Card table byte_map: [0x0000000012140000,0x0000000012450000] byte_map_base: 0x0000000011c40000

Marking Bits: (ParMarkBitMap*) 0x0000000051b0f030
 Begin Bits: [0x0000000012a50000, 0x0000000014250000)
 End Bits:   [0x0000000014250000, 0x0000000015a50000)

Polling page: 0x0000000002c50000

CodeCache: size=245760Kb used=32537Kb max_used=32537Kb free=213222Kb
 bounds [0x0000000002d80000, 0x0000000004d80000, 0x0000000011d80000]
 total_blobs=11281 nmethods=10479 adapters=714
 compilation: enabled

Compilation events (10 events):
Event: 90.228 Thread 0x0000000016726800 nmethod 12492 0x0000000004d6dd10 code [0x0000000004d6de80, 0x0000000004d6e0f0]
Event: 90.228 Thread 0x000000001671d000 12489       4       com.google.common.collect.ImmutableSortedMap$Builder::put (47 bytes)
Event: 90.232 Thread 0x000000001671d000 nmethod 12489 0x0000000004d6bd10 code [0x0000000004d6be60, 0x0000000004d6c438]
Event: 90.247 Thread 0x0000000016726800 12493       3       org.gradle.api.internal.file.collections.DefaultConfigurableFileCollection$1::visitCollection (43 bytes)
Event: 90.248 Thread 0x0000000016726800 nmethod 12493 0x0000000004d6cb90 code [0x0000000004d6cda0, 0x0000000004d6d848]
Event: 90.248 Thread 0x0000000016726800 12495       3       com.google.common.collect.ImmutableSet::copyOf (42 bytes)
Event: 90.248 Thread 0x0000000016726800 nmethod 12495 0x0000000004d6b390 code [0x0000000004d6b540, 0x0000000004d6bbc8]
Event: 90.248 Thread 0x0000000016726800 12494       3       com.google.common.collect.ImmutableSet::copyOf (27 bytes)
Event: 90.248 Thread 0x0000000016726800 nmethod 12494 0x0000000004d6fed0 code [0x0000000004d70060, 0x0000000004d70508]
Event: 90.248 Thread 0x0000000016726800 12496       1       org.gradle.internal.resources.AbstractTrackedResourceLock::getDisplayName (5 bytes)

GC Heap History (10 events):
Event: 46.474 GC heap before
{Heap before GC invocations=27 (full 3):
 PSYoungGen      total 92672K, used 79268K [0x00000000e0000000, 0x00000000e7a80000, 0x0000000100000000)
  eden space 72704K, 100% used [0x00000000e0000000,0x00000000e4700000,0x00000000e4700000)
  from space 19968K, 32% used [0x00000000e4700000,0x00000000e4d69320,0x00000000e5a80000)
  to   space 18944K, 0% used [0x00000000e6800000,0x00000000e6800000,0x00000000e7a80000)
 ParOldGen       total 101376K, used 35422K [0x00000000a0000000, 0x00000000a6300000, 0x00000000e0000000)
  object space 101376K, 34% used [0x00000000a0000000,0x00000000a2297bd0,0x00000000a6300000)
 Metaspace       used 61431K, capacity 64406K, committed 64512K, reserved 1103872K
  class space    used 8461K, capacity 9150K, committed 9216K, reserved 1048576K
Event: 46.496 GC heap after
Heap after GC invocations=27 (full 3):
 PSYoungGen      total 105984K, used 12134K [0x00000000e0000000, 0x00000000e7b00000, 0x0000000100000000)
  eden space 87040K, 0% used [0x00000000e0000000,0x00000000e0000000,0x00000000e5500000)
  from space 18944K, 64% used [0x00000000e6800000,0x00000000e73d9b60,0x00000000e7a80000)
  to   space 19456K, 0% used [0x00000000e5500000,0x00000000e5500000,0x00000000e6800000)
 ParOldGen       total 101376K, used 35430K [0x00000000a0000000, 0x00000000a6300000, 0x00000000e0000000)
  object space 101376K, 34% used [0x00000000a0000000,0x00000000a2299bd0,0x00000000a6300000)
 Metaspace       used 61431K, capacity 64406K, committed 64512K, reserved 1103872K
  class space    used 8461K, capacity 9150K, committed 9216K, reserved 1048576K
}
Event: 51.746 GC heap before
{Heap before GC invocations=28 (full 3):
 PSYoungGen      total 105984K, used 99174K [0x00000000e0000000, 0x00000000e7b00000, 0x0000000100000000)
  eden space 87040K, 100% used [0x00000000e0000000,0x00000000e5500000,0x00000000e5500000)
  from space 18944K, 64% used [0x00000000e6800000,0x00000000e73d9b60,0x00000000e7a80000)
  to   space 19456K, 0% used [0x00000000e5500000,0x00000000e5500000,0x00000000e6800000)
 ParOldGen       total 101376K, used 35430K [0x00000000a0000000, 0x00000000a6300000, 0x00000000e0000000)
  object space 101376K, 34% used [0x00000000a0000000,0x00000000a2299bd0,0x00000000a6300000)
 Metaspace       used 63351K, capacity 67766K, committed 67840K, reserved 1107968K
  class space    used 8758K, capacity 9684K, committed 9728K, reserved 1048576K
Event: 51.771 GC heap after
Heap after GC invocations=28 (full 3):
 PSYoungGen      total 106496K, used 19456K [0x00000000e0000000, 0x00000000e9000000, 0x0000000100000000)
  eden space 87040K, 0% used [0x00000000e0000000,0x00000000e0000000,0x00000000e5500000)
  from space 19456K, 100% used [0x00000000e5500000,0x00000000e6800000,0x00000000e6800000)
  to   space 24064K, 0% used [0x00000000e7880000,0x00000000e7880000,0x00000000e9000000)
 ParOldGen       total 101376K, used 40477K [0x00000000a0000000, 0x00000000a6300000, 0x00000000e0000000)
  object space 101376K, 39% used [0x00000000a0000000,0x00000000a2787400,0x00000000a6300000)
 Metaspace       used 63351K, capacity 67766K, committed 67840K, reserved 1107968K
  class space    used 8758K, capacity 9684K, committed 9728K, reserved 1048576K
}
Event: 56.639 GC heap before
{Heap before GC invocations=29 (full 3):
 PSYoungGen      total 106496K, used 106496K [0x00000000e0000000, 0x00000000e9000000, 0x0000000100000000)
  eden space 87040K, 100% used [0x00000000e0000000,0x00000000e5500000,0x00000000e5500000)
  from space 19456K, 100% used [0x00000000e5500000,0x00000000e6800000,0x00000000e6800000)
  to   space 24064K, 0% used [0x00000000e7880000,0x00000000e7880000,0x00000000e9000000)
 ParOldGen       total 101376K, used 40477K [0x00000000a0000000, 0x00000000a6300000, 0x00000000e0000000)
  object space 101376K, 39% used [0x00000000a0000000,0x00000000a2787400,0x00000000a6300000)
 Metaspace       used 69087K, capacity 73742K, committed 73856K, reserved 1112064K
  class space    used 9558K, capacity 10523K, committed 10624K, reserved 1048576K
Event: 56.676 GC heap after
Heap after GC invocations=29 (full 3):
 PSYoungGen      total 119808K, used 22794K [0x00000000e0000000, 0x00000000e9700000, 0x0000000100000000)
  eden space 95744K, 0% used [0x00000000e0000000,0x00000000e0000000,0x00000000e5d80000)
  from space 24064K, 94% used [0x00000000e7880000,0x00000000e8ec2b70,0x00000000e9000000)
  to   space 27648K, 0% used [0x00000000e5d80000,0x00000000e5d80000,0x00000000e7880000)
 ParOldGen       total 101376K, used 48533K [0x00000000a0000000, 0x00000000a6300000, 0x00000000e0000000)
  object space 101376K, 47% used [0x00000000a0000000,0x00000000a2f65490,0x00000000a6300000)
 Metaspace       used 69087K, capacity 73742K, committed 73856K, reserved 1112064K
  class space    used 9558K, capacity 10523K, committed 10624K, reserved 1048576K
}
Event: 63.613 GC heap before
{Heap before GC invocations=30 (full 3):
 PSYoungGen      total 119808K, used 118538K [0x00000000e0000000, 0x00000000e9700000, 0x0000000100000000)
  eden space 95744K, 100% used [0x00000000e0000000,0x00000000e5d80000,0x00000000e5d80000)
  from space 24064K, 94% used [0x00000000e7880000,0x00000000e8ec2b70,0x00000000e9000000)
  to   space 27648K, 0% used [0x00000000e5d80000,0x00000000e5d80000,0x00000000e7880000)
 ParOldGen       total 101376K, used 48533K [0x00000000a0000000, 0x00000000a6300000, 0x00000000e0000000)
  object space 101376K, 47% used [0x00000000a0000000,0x00000000a2f65490,0x00000000a6300000)
 Metaspace       used 72507K, capacity 77516K, committed 77568K, reserved 1116160K
  class space    used 9972K, capacity 11008K, committed 11008K, reserved 1048576K
Event: 63.636 GC heap after
Heap after GC invocations=30 (full 3):
 PSYoungGen      total 123392K, used 27617K [0x00000000e0000000, 0x00000000ead00000, 0x0000000100000000)
  eden space 95744K, 0% used [0x00000000e0000000,0x00000000e0000000,0x00000000e5d80000)
  from space 27648K, 99% used [0x00000000e5d80000,0x00000000e78784a0,0x00000000e7880000)
  to   space 34304K, 0% used [0x00000000e8b80000,0x00000000e8b80000,0x00000000ead00000)
 ParOldGen       total 101376K, used 54553K [0x00000000a0000000, 0x00000000a6300000, 0x00000000e0000000)
  object space 101376K, 53% used [0x00000000a0000000,0x00000000a3546660,0x00000000a6300000)
 Metaspace       used 72507K, capacity 77516K, committed 77568K, reserved 1116160K
  class space    used 9972K, capacity 11008K, committed 11008K, reserved 1048576K
}
Event: 70.572 GC heap before
{Heap before GC invocations=31 (full 3):
 PSYoungGen      total 123392K, used 123361K [0x00000000e0000000, 0x00000000ead00000, 0x0000000100000000)
  eden space 95744K, 100% used [0x00000000e0000000,0x00000000e5d80000,0x00000000e5d80000)
  from space 27648K, 99% used [0x00000000e5d80000,0x00000000e78784a0,0x00000000e7880000)
  to   space 34304K, 0% used [0x00000000e8b80000,0x00000000e8b80000,0x00000000ead00000)
 ParOldGen       total 101376K, used 54553K [0x00000000a0000000, 0x00000000a6300000, 0x00000000e0000000)
  object space 101376K, 53% used [0x00000000a0000000,0x00000000a3546660,0x00000000a6300000)
 Metaspace       used 74179K, capacity 79632K, committed 80000K, reserved 1118208K
  class space    used 10217K, capacity 11276K, committed 11392K, reserved 1048576K
Event: 70.597 GC heap after
Heap after GC invocations=31 (full 3):
 PSYoungGen      total 137728K, used 15728K [0x00000000e0000000, 0x00000000ea900000, 0x0000000100000000)
  eden space 107520K, 0% used [0x00000000e0000000,0x00000000e0000000,0x00000000e6900000)
  from space 30208K, 52% used [0x00000000e8b80000,0x00000000e9adc190,0x00000000ea900000)
  to   space 32768K, 0% used [0x00000000e6900000,0x00000000e6900000,0x00000000e8900000)
 ParOldGen       total 101376K, used 72530K [0x00000000a0000000, 0x00000000a6300000, 0x00000000e0000000)
  object space 101376K, 71% used [0x00000000a0000000,0x00000000a46d4bb0,0x00000000a6300000)
 Metaspace       used 74179K, capacity 79632K, committed 80000K, reserved 1118208K
  class space    used 10217K, capacity 11276K, committed 11392K, reserved 1048576K
}

Deoptimization events (10 events):
Event: 87.661 Thread 0x000000001a9fd800 Uncommon trap: reason=unstable_if action=reinterpret pc=0x0000000003704514 method=org.gradle.api.internal.artifacts.configurations.DefaultConfiguration.preventIllegalMutation(Lorg/gradle/api/internal/artifacts/configurations/MutationValidator$MutationType
Event: 87.828 Thread 0x000000001a9fd800 Uncommon trap: reason=unstable_if action=reinterpret pc=0x0000000003204878 method=com.google.common.cache.LocalCache$Segment.expireEntries(J)V @ 84
Event: 87.848 Thread 0x000000001a9fd800 Uncommon trap: reason=unstable_if action=reinterpret pc=0x000000000468b3ac method=com.esotericsoftware.kryo.io.Input.readAscii()Ljava/lang/String; @ 23
Event: 87.848 Thread 0x000000001a9fd800 Uncommon trap: reason=unstable_if action=reinterpret pc=0x0000000003203414 method=com.google.common.cache.LocalCache$Segment.expireEntries(J)V @ 84
Event: 87.918 Thread 0x000000001a9fd800 Uncommon trap: reason=unstable_if action=reinterpret pc=0x00000000044b3a7c method=java.util.concurrent.locks.LockSupport.unpark(Ljava/lang/Thread;)V @ 1
Event: 88.507 Thread 0x000000001a9fd800 Uncommon trap: reason=unstable_if action=reinterpret pc=0x00000000036673dc method=com.google.common.collect.ImmutableSet$Builder.addAll(Ljava/lang/Iterable;)Lcom/google/common/collect/ImmutableSet$Builder; @ 9
Event: 88.512 Thread 0x000000001a9fd800 Uncommon trap: reason=unstable_if action=reinterpret pc=0x0000000004684af8 method=com.esotericsoftware.kryo.io.Input.readAscii()Ljava/lang/String; @ 23
Event: 88.698 Thread 0x0000000019b88000 Uncommon trap: reason=class_check action=maybe_recompile pc=0x0000000004b2d02c method=com.google.common.cache.LocalCache$Segment.get(Ljava/lang/Object;I)Ljava/lang/Object; @ 49
Event: 89.036 Thread 0x000000001a9fd800 Uncommon trap: reason=unstable_if action=reinterpret pc=0x000000000450941c method=com.esotericsoftware.kryo.io.Output.writeBoolean(Z)V @ 8
Event: 89.626 Thread 0x000000001aa00800 Uncommon trap: reason=unstable_if action=reinterpret pc=0x000000000416bd78 method=com.esotericsoftware.kryo.io.Input.readAscii()Ljava/lang/String; @ 23

Classes redefined (0 events):
No events

Internal exceptions (10 events):
Event: 65.847 Thread 0x0000000019b8f000 Exception <a 'java/lang/NoSuchMethodError': java.lang.Object.lambda$flatMap$4(Ljava/util/function/Function;)Lorg/gradle/api/internal/artifacts/transform/CacheableInvocation;> (0x00000000e296a8f0) thrown at [C:\src\AOSP-openjdk-git\hotspot\src\share\vm\int
Event: 65.847 Thread 0x0000000019b8f000 Exception <a 'java/lang/NoSuchMethodError': java.lang.Object.lambda$flatMap$3(Ljava/util/function/Function;)Lorg/gradle/internal/Try;> (0x00000000e296f7b0) thrown at [C:\src\AOSP-openjdk-git\hotspot\src\share\vm\interpreter\linkResolver.cpp, line 620]
Event: 68.198 Thread 0x0000000019b87800 Exception <a 'java/lang/NoSuchMethodError': java.lang.Object.lambda$flatMap$2(Ljava/util/function/Function;Ljava/lang/Object;)Lorg/gradle/internal/Try;> (0x00000000e302eb78) thrown at [C:\src\AOSP-openjdk-git\hotspot\src\share\vm\interpreter\linkResolver.
Event: 68.198 Thread 0x0000000019b8f000 Exception <a 'java/lang/NoSuchMethodError': java.lang.Object.lambda$flatMap$2(Ljava/util/function/Function;Ljava/lang/Object;)Lorg/gradle/internal/Try;> (0x00000000e30626c0) thrown at [C:\src\AOSP-openjdk-git\hotspot\src\share\vm\interpreter\linkResolver.
Event: 68.198 Thread 0x0000000019b88000 Exception <a 'java/lang/NoSuchMethodError': java.lang.Object.lambda$flatMap$2(Ljava/util/function/Function;Ljava/lang/Object;)Lorg/gradle/internal/Try;> (0x00000000e3059e08) thrown at [C:\src\AOSP-openjdk-git\hotspot\src\share\vm\interpreter\linkResolver.
Event: 70.479 Thread 0x000000001aa02000 Exception <a 'java/lang/NoSuchMethodError': java.lang.Object.lambda$flatMap$0(Ljava/lang/Throwable;)Lorg/gradle/api/internal/artifacts/transform/CacheableInvocation;> (0x00000000e560b198) thrown at [C:\src\AOSP-openjdk-git\hotspot\src\share\vm\interpreter
Event: 70.493 Thread 0x0000000019b8e000 Implicit null exception at 0x00000000030a8e00 to 0x00000000030a94c1
Event: 86.814 Thread 0x000000001aa02000 Exception <a 'java/lang/NoSuchMethodError': <clinit>> (0x00000000e25e2270) thrown at [C:\src\AOSP-openjdk-git\hotspot\src\share\vm\prims\jni.cpp, line 1615]
Event: 86.814 Thread 0x000000001aa02000 Implicit null exception at 0x0000000003e93807 to 0x0000000003e93a85
Event: 86.994 Thread 0x000000001aa02000 Exception <a 'java/lang/NoSuchMethodError': <clinit>> (0x00000000e26847c8) thrown at [C:\src\AOSP-openjdk-git\hotspot\src\share\vm\prims\jni.cpp, line 1615]

Events (10 events):
Event: 89.331 Executing VM operation: RevokeBias done
Event: 89.461 Executing VM operation: RevokeBias
Event: 89.462 Executing VM operation: RevokeBias done
Event: 89.610 Executing VM operation: RevokeBias
Event: 89.611 Executing VM operation: RevokeBias done
Event: 89.611 Executing VM operation: RevokeBias
Event: 89.611 Executing VM operation: RevokeBias done
Event: 89.626 Thread 0x000000001aa00800 Uncommon trap: trap_request=0xffffff65 fr.pc=0x000000000416bd78
Event: 89.626 Thread 0x000000001aa00800 DEOPT PACKING pc=0x000000000416bd78 sp=0x000000002b86ae80
Event: 89.626 Thread 0x000000001aa00800 DEOPT UNPACKING pc=0x0000000002dc557b sp=0x000000002b86add8 mode 2


Dynamic libraries:
0x00007ff6135f0000 - 0x00007ff613621000 	C:\Program Files\Android\Android Studio1\jre\bin\java.exe
0x00007ffc5ceb0000 - 0x00007ffc5d0a5000 	C:\WINDOWS\SYSTEM32\ntdll.dll
0x00007ffc5bad0000 - 0x00007ffc5bb8d000 	C:\WINDOWS\System32\KERNEL32.DLL
0x00007ffc5a5f0000 - 0x00007ffc5a8b8000 	C:\WINDOWS\System32\KERNELBASE.dll
0x00007ffc5bb90000 - 0x00007ffc5bc3c000 	C:\WINDOWS\System32\ADVAPI32.dll
0x00007ffc5bd80000 - 0x00007ffc5be1e000 	C:\WINDOWS\System32\msvcrt.dll
0x00007ffc5b810000 - 0x00007ffc5b8ab000 	C:\WINDOWS\System32\sechost.dll
0x00007ffc5c070000 - 0x00007ffc5c19b000 	C:\WINDOWS\System32\RPCRT4.dll
0x00007ffc5bed0000 - 0x00007ffc5c070000 	C:\WINDOWS\System32\USER32.dll
0x00007ffc5aa00000 - 0x00007ffc5aa22000 	C:\WINDOWS\System32\win32u.dll
0x00007ffc5b7e0000 - 0x00007ffc5b80a000 	C:\WINDOWS\System32\GDI32.dll
0x00007ffc5ab20000 - 0x00007ffc5ac2b000 	C:\WINDOWS\System32\gdi32full.dll
0x00007ffc5aa80000 - 0x00007ffc5ab1d000 	C:\WINDOWS\System32\msvcp_win.dll
0x00007ffc5ac30000 - 0x00007ffc5ad30000 	C:\WINDOWS\System32\ucrtbase.dll
0x00007ffc51d40000 - 0x00007ffc51fda000 	C:\WINDOWS\WinSxS\amd64_microsoft.windows.common-controls_6595b64144ccf1df_6.0.19041.1052_none_60b8f8fd71f5e8cb\COMCTL32.dll
0x00007ffc5ba20000 - 0x00007ffc5ba50000 	C:\WINDOWS\System32\IMM32.DLL
0x0000000052800000 - 0x00000000528d2000 	C:\Program Files\Android\Android Studio1\jre\jre\bin\msvcr100.dll
0x0000000051340000 - 0x0000000051b8b000 	C:\Program Files\Android\Android Studio1\jre\jre\bin\server\jvm.dll
0x00007ffc5ce60000 - 0x00007ffc5ce68000 	C:\WINDOWS\System32\PSAPI.DLL
0x00007ffc578d0000 - 0x00007ffc578d9000 	C:\WINDOWS\SYSTEM32\WSOCK32.dll
0x00007ffc5b9b0000 - 0x00007ffc5ba1b000 	C:\WINDOWS\System32\WS2_32.dll
0x00007ffc56390000 - 0x00007ffc563b7000 	C:\WINDOWS\SYSTEM32\WINMM.dll
0x00007ffc53bf0000 - 0x00007ffc53bfa000 	C:\WINDOWS\SYSTEM32\VERSION.dll
0x00007ffc55ea0000 - 0x00007ffc55eaf000 	C:\Program Files\Android\Android Studio1\jre\jre\bin\verify.dll
0x00007ffc52480000 - 0x00007ffc524a9000 	C:\Program Files\Android\Android Studio1\jre\jre\bin\java.dll
0x00007ffc55d90000 - 0x00007ffc55da6000 	C:\Program Files\Android\Android Studio1\jre\jre\bin\zip.dll
0x00007ffc5c720000 - 0x00007ffc5ce5f000 	C:\WINDOWS\System32\SHELL32.dll
0x00007ffc58660000 - 0x00007ffc58df0000 	C:\WINDOWS\SYSTEM32\windows.storage.dll
0x00007ffc5b3b0000 - 0x00007ffc5b705000 	C:\WINDOWS\System32\combase.dll
0x00007ffc59ff0000 - 0x00007ffc5a01c000 	C:\WINDOWS\SYSTEM32\Wldp.dll
0x00007ffc5be20000 - 0x00007ffc5bece000 	C:\WINDOWS\System32\SHCORE.dll
0x00007ffc5c250000 - 0x00007ffc5c2a5000 	C:\WINDOWS\System32\shlwapi.dll
0x00007ffc5a530000 - 0x00007ffc5a54f000 	C:\WINDOWS\SYSTEM32\profapi.dll
0x00007ffc522d0000 - 0x00007ffc522ea000 	C:\Program Files\Android\Android Studio1\jre\jre\bin\net.dll
0x00007ffc59d00000 - 0x00007ffc59d6a000 	C:\WINDOWS\system32\mswsock.dll
0x00007ffc52090000 - 0x00007ffc520a3000 	C:\Program Files\Android\Android Studio1\jre\jre\bin\nio.dll
0x00007ffc4fb60000 - 0x00007ffc4fb86000 	C:\Users\enes\.gradle\native\fdc75f09e3144964f2cf3f50f0aa648679c211496f362492102eb8c894070792\windows-amd64\native-platform.dll
0x00007ffc270d0000 - 0x00007ffc27261000 	C:\Users\enes\.gradle\native\12488b8bf47d2d4c9fbf2f6322a914ad602e24e48041cd04a747c6da556b65c4\windows-amd64\native-platform-file-events.dll
0x00007ffc54e30000 - 0x00007ffc54e3d000 	C:\Program Files\Android\Android Studio1\jre\jre\bin\management.dll
0x00007ffc59ed0000 - 0x00007ffc59ee8000 	C:\WINDOWS\SYSTEM32\CRYPTSP.dll
0x00007ffc596a0000 - 0x00007ffc596d4000 	C:\WINDOWS\system32\rsaenh.dll
0x00007ffc5a970000 - 0x00007ffc5a997000 	C:\WINDOWS\System32\bcrypt.dll
0x00007ffc5a4f0000 - 0x00007ffc5a51e000 	C:\WINDOWS\SYSTEM32\USERENV.dll
0x00007ffc5ae90000 - 0x00007ffc5af13000 	C:\WINDOWS\System32\bcryptprimitives.dll
0x00007ffc59ef0000 - 0x00007ffc59efc000 	C:\WINDOWS\SYSTEM32\CRYPTBASE.dll
0x00007ffc599f0000 - 0x00007ffc59a2b000 	C:\WINDOWS\SYSTEM32\IPHLPAPI.DLL
0x00007ffc5b8b0000 - 0x00007ffc5b8b8000 	C:\WINDOWS\System32\NSI.dll
0x00007ffc53e70000 - 0x00007ffc53e87000 	C:\WINDOWS\SYSTEM32\dhcpcsvc6.DLL
0x00007ffc54100000 - 0x00007ffc5411d000 	C:\WINDOWS\SYSTEM32\dhcpcsvc.DLL
0x00007ffc59a30000 - 0x00007ffc59afc000 	C:\WINDOWS\SYSTEM32\DNSAPI.dll
0x00007ffc546a0000 - 0x00007ffc546ab000 	C:\WINDOWS\SYSTEM32\WINNSI.DLL

VM Arguments:
jvm_args: -Xmx1536M -Dfile.encoding=windows-1254 -Duser.country=TR -Duser.language=tr -Duser.variant 
java_command: org.gradle.launcher.daemon.bootstrap.GradleDaemon 6.7.1
java_class_path (initial): C:\Users\enes\.gradle\wrapper\dists\gradle-6.7.1-all\2moa8rlfac5eqlcfgk98k0deb\gradle-6.7.1\lib\gradle-launcher-6.7.1.jar
Launcher Type: SUN_STANDARD

Environment Variables:
JAVA_HOME=C:\Program Files\Android\Android Studio1\jre
CLASSPATH=D:\flutter_projects\bkatilproject-main\bkatilproject-main\android\\gradle\wrapper\gradle-wrapper.jar
PATH=C:\Program Files\Git\cmd;C:\Windows\System32;C:\Windows\SysWOW64;C:\Program Files\Java\jdk-12.0.2\bin;C:\OpenSSL\openssl-0.9.8k_X64;D:\src\flutter\bin;C:\Windows\System32\WindowsPowerShell\v1.0\;;C:\Program Files\NVIDIA Corporation\NVIDIA NvDLISR;C:\WINDOWS\system32;C:\WINDOWS;C:\WINDOWS\System32\Wbem;C:\WINDOWS\System32\WindowsPowerShell\v1.0\;C:\WINDOWS\System32\OpenSSH\;C:\Program Files\Common Files\Autodesk Shared\;C:\Program Files\Microsoft SQL Server\120\Tools\Binn\;D:\src\flutter\bin;C:\Users\enes\AppData\Local\Programs\Microsoft VS Code\bin;C:\Users\enes\AppData\Local\Microsoft\WindowsApps;;D:\src\flutter\bin\mingit\cmd
USERNAME=enes
OS=Windows_NT
PROCESSOR_IDENTIFIER=Intel64 Family 6 Model 158 Stepping 9, GenuineIntel



---------------  S Y S T E M  ---------------

OS: Windows 10.0 , 64 bit Build 19041 (10.0.19041.1023)

CPU:total 4 (initial active 4) (4 cores per cpu, 1 threads per core) family 6 model 158 stepping 9, cmov, cx8, fxsr, mmx, sse, sse2, sse3, ssse3, sse4.1, sse4.2, popcnt, avx, avx2, aes, clmul, erms, 3dnowpref, lzcnt, tsc, tscinvbit, bmi1, bmi2, adx

Memory: 4k page, physical 8306720k(1013820k free), swap 8306720k(5616k free)

vm_info: OpenJDK 64-Bit Server VM (25.242-b01) for windows-amd64 JRE (1.8.0_242-release-1644-b01), built by "builder" with MS VC++ 10.0 (VS2010)

time: Wed Jun 16 14:33:50 2021
timezone: Türkiye Standart Saati
elapsed time: 90 seconds (0d 0h 1m 30s)

