#
# A fatal error has been detected by the Java Runtime Environment:
#
#  EXCEPTION_ACCESS_VIOLATION (0xc0000005) at pc=0x000000005152fed7, pid=8376, tid=0x00000000000013e0
#
# JRE version: OpenJDK Runtime Environment (8.0_242-b01) (build 1.8.0_242-release-1644-b01)
# Java VM: OpenJDK 64-Bit Server VM (25.242-b01 mixed mode windows-amd64 compressed oops)
# Problematic frame:
# V  [jvm.dll+0x1efed7]
#
# Failed to write core dump. Minidumps are not enabled by default on client versions of Windows
#
# If you would like to submit a bug report, please visit:
#   
#

---------------  T H R E A D  ---------------

Current thread (0x0000000026fb0800):  JavaThread "Build operations Thread 3" [_thread_in_vm, id=5088, stack(0x000000001f0b0000,0x000000001f1b0000)]

siginfo: ExceptionCode=0xc0000005, writing address 0x000000001f1a94d0

Registers:
RAX=0x000000001f1a94d0, RBX=0x0000000000000007, RCX=0x0000000000006000, RDX=0x0000000000000006
RSP=0x000000001f1af4d0, RBP=0x0000000000000000, RSI=0x000000001f1af4d0, RDI=0x0000000000000007
R8 =0x0000000000000006, R9 =0x000000002a107aa0, R10=0x00000000159de968, R11=0x000000001f0ba148
R12=0x00000000ffffffff, R13=0x0000000026fb0800, R14=0x0000000026fb0800, R15=0x00000000159de968
RIP=0x000000005152fed7, EFLAGS=0x0000000000010202

Top of Stack: (sp=0x000000001f1af4d0)
0x000000001f1af4d0:   0000000000000000 0000000100006948
0x000000001f1af4e0:   0000000026fb0800 00000000ffffffff
0x000000001f1af4f0:   000000001f1af598 0000000051530eb7
0x000000001f1af500:   000000001f1af600 000000002a107aa0
0x000000001f1af510:   00000000159de968 00000000513dbe73
0x000000001f1af520:   000000001f1af560 0000000026fb0800
0x000000001f1af530:   000000001f1af5f0 0000000026fb0800
0x000000001f1af540:   00000000159de968 0000000026fb0800
0x000000001f1af550:   0000000002a26d60 0000000026fb0800
0x000000001f1af560:   00000000159de968 0000000026fb0800
0x000000001f1af570:   00000000159de968 0000000026fb0800
0x000000001f1af580:   0000000000000001 00000000159de968
0x000000001f1af590:   0000000026fb0800 000000001a00ca40
0x000000001f1af5a0:   0000000026fb0800 00000000513dd5dd
0x000000001f1af5b0:   000000001f1af8b8 0000000100006948
0x000000001f1af5c0:   0000000100006948 0000000000000000 

Instructions: (pc=0x000000005152fed7)
0x000000005152feb7:   48 89 6c 24 30 33 ed 66 90 e8 4b d9 07 00 ff c3
0x000000005152fec7:   48 63 c8 48 8b c6 48 0f af cf 48 ff c7 48 2b c1
0x000000005152fed7:   89 28 48 63 c3 48 3b 05 65 b8 57 00 7e db 48 8b
0x000000005152fee7:   6c 24 30 48 8b 5c 24 38 48 8b 74 24 40 48 83 c4 


Register to memory mapping:

RAX=0x000000001f1a94d0 is pointing into the stack for thread: 0x0000000026fb0800
RBX=0x0000000000000007 is an unknown value
RCX=0x0000000000006000 is an unknown value
RDX=0x0000000000000006 is an unknown value
RSP=0x000000001f1af4d0 is pointing into the stack for thread: 0x0000000026fb0800
RBP=0x0000000000000000 is an unknown value
RSI=0x000000001f1af4d0 is pointing into the stack for thread: 0x0000000026fb0800
RDI=0x0000000000000007 is an unknown value
R8 =0x0000000000000006 is an unknown value
R9 =0x000000002a107aa0 is an unknown value
R10={method} {0x00000000159de970} 'run' '()V' in 'java/lang/Thread'
R11=0x000000001f0ba148 is pointing into the stack for thread: 0x0000000026fb0800
R12=0x00000000ffffffff is an unallocated location in the heap
R13=0x0000000026fb0800 is a thread
R14=0x0000000026fb0800 is a thread
R15={method} {0x00000000159de970} 'run' '()V' in 'java/lang/Thread'


Stack: [0x000000001f0b0000,0x000000001f1b0000],  sp=0x000000001f1af4d0,  free space=1021k
Native frames: (J=compiled Java code, j=interpreted, Vv=VM code, C=native code)


---------------  P R O C E S S  ---------------

Java Threads: ( => current thread )
  0x0000000026fb4800 JavaThread "Build operations Thread 4" [_thread_blocked, id=12384, stack(0x000000001f1b0000,0x000000001f2b0000)]
=>0x0000000026fb0800 JavaThread "Build operations Thread 3" [_thread_in_vm, id=5088, stack(0x000000001f0b0000,0x000000001f1b0000)]
  0x0000000026fb7800 JavaThread "Build operations Thread 2" [_thread_in_vm, id=3132, stack(0x000000001edb0000,0x000000001eeb0000)]
  0x0000000026fb6800 JavaThread "Build operations" [_thread_blocked, id=12704, stack(0x000000001e5b0000,0x000000001e6b0000)]
  0x0000000026fb0000 JavaThread "Cache worker for Build Output Cleanup Cache (D:\flutter_projects\bkatilproject-main\bkatilproject-main\android\.gradle\buildOutputCleanup)" [_thread_blocked, id=1308, stack(0x000000001ddb0000,0x000000001deb0000)]
  0x0000000026fb2000 JavaThread "Cache worker for cache directory md-rule (C:\Users\enes\.gradle\caches\6.7.1\md-rule)" [_thread_blocked, id=10352, stack(0x000000001dcb0000,0x000000001ddb0000)]
  0x0000000026fb3000 JavaThread "Cache worker for cache directory md-supplier (C:\Users\enes\.gradle\caches\6.7.1\md-supplier)" [_thread_blocked, id=1032, stack(0x000000001d9b0000,0x000000001dab0000)]
  0x0000000026fb1800 JavaThread "Cache worker for checksums cache (D:\flutter_projects\bkatilproject-main\bkatilproject-main\android\.gradle\checksums)" [_thread_blocked, id=228, stack(0x000000001d8b0000,0x000000001d9b0000)]
  0x0000000026faf000 JavaThread "Cache worker for file hash cache (D:\flutter_projects\bkatilproject-main\bkatilproject-main\android\.gradle\6.7.1\fileHashes)" [_thread_blocked, id=2392, stack(0x000000001bde0000,0x000000001bee0000)]
  0x0000000026fb3800 JavaThread "Thread-1011" [_thread_blocked, id=12472, stack(0x000000001bce0000,0x000000001bde0000)]
  0x0000000026fb6000 JavaThread "Stdin handler" [_thread_blocked, id=8508, stack(0x000000001bbe0000,0x000000001bce0000)]
  0x0000000018d54000 JavaThread "Asynchronous log dispatcher for DefaultDaemonConnection: socket connection from /127.0.0.1:57970 to /127.0.0.1:57831" [_thread_blocked, id=12412, stack(0x000000001bae0000,0x000000001bbe0000)]
  0x0000000018d53000 JavaThread "Daemon worker Thread 7" [_thread_blocked, id=12404, stack(0x000000001b5e0000,0x000000001b6e0000)]
  0x0000000018d52000 JavaThread "Cancel handler" [_thread_blocked, id=8644, stack(0x000000001b1a0000,0x000000001b2a0000)]
  0x0000000018d50000 JavaThread "Handler for socket connection from /127.0.0.1:57970 to /127.0.0.1:57831" [_thread_in_native, id=2732, stack(0x000000001b0a0000,0x000000001b1a0000)]
  0x0000000018d4f000 JavaThread "Daemon Thread 7" [_thread_blocked, id=9972, stack(0x0000000000e20000,0x0000000000f20000)]
  0x000000001c6fd800 JavaThread "Memory manager" [_thread_blocked, id=1224, stack(0x0000000027f80000,0x0000000028080000)]
  0x0000000018d55800 JavaThread "Cache worker for file content cache (C:\Users\enes\.gradle\caches\6.7.1\fileContent)" [_thread_blocked, id=5016, stack(0x000000001e6b0000,0x000000001e7b0000)]
  0x0000000018d50800 JavaThread "Cache worker for execution history cache (C:\Users\enes\.gradle\caches\6.7.1\executionHistory)" [_thread_blocked, id=11248, stack(0x000000001deb0000,0x000000001dfb0000)]
  0x0000000018d56000 JavaThread "Cache worker for journal cache (C:\Users\enes\.gradle\caches\journal-1)" [_thread_blocked, id=832, stack(0x000000001d3b0000,0x000000001d4b0000)]
  0x0000000018d51800 JavaThread "File lock request listener" [_thread_in_native, id=2776, stack(0x000000001d2b0000,0x000000001d3b0000)]
  0x000000001c922000 JavaThread "Cache worker for file hash cache (C:\Users\enes\.gradle\caches\6.7.1\fileHashes)" [_thread_blocked, id=3216, stack(0x000000001d0b0000,0x000000001d1b0000)]
  0x000000001983d000 JavaThread "Daemon periodic checks" [_thread_blocked, id=6992, stack(0x000000001b4e0000,0x000000001b5e0000)]
  0x0000000018e9d800 JavaThread "Incoming local TCP Connector on port 57970" [_thread_in_native, id=7964, stack(0x000000001b2a0000,0x000000001b3a0000)]
  0x0000000019364800 JavaThread "Daemon health stats" [_thread_blocked, id=4984, stack(0x0000000019a60000,0x0000000019b60000)]
  0x0000000017cce000 JavaThread "Service Thread" daemon [_thread_blocked, id=5052, stack(0x0000000018090000,0x0000000018190000)]
  0x0000000016361800 JavaThread "C1 CompilerThread2" daemon [_thread_blocked, id=7816, stack(0x0000000017b90000,0x0000000017c90000)]
  0x000000001635d000 JavaThread "C2 CompilerThread1" daemon [_thread_blocked, id=12016, stack(0x0000000017a90000,0x0000000017b90000)]
  0x0000000016359000 JavaThread "C2 CompilerThread0" daemon [_thread_blocked, id=6576, stack(0x0000000017990000,0x0000000017a90000)]
  0x0000000016357000 JavaThread "Attach Listener" daemon [_thread_blocked, id=11752, stack(0x0000000017890000,0x0000000017990000)]
  0x0000000016356000 JavaThread "Signal Dispatcher" daemon [_thread_blocked, id=2444, stack(0x0000000017790000,0x0000000017890000)]
  0x00000000029dd000 JavaThread "Finalizer" daemon [_thread_blocked, id=1208, stack(0x00000000175a0000,0x00000000176a0000)]
  0x0000000016339000 JavaThread "Reference Handler" daemon [_thread_blocked, id=8124, stack(0x00000000174a0000,0x00000000175a0000)]
  0x00000000028e2800 JavaThread "main" [_thread_blocked, id=6376, stack(0x00000000027e0000,0x00000000028e0000)]

Other Threads:
  0x0000000016318000 VMThread [stack: 0x00000000173a0000,0x00000000174a0000] [id=9380]
  0x0000000017cd1800 WatcherThread [stack: 0x0000000018190000,0x0000000018290000] [id=8264]

VM state:synchronizing (normal execution)

VM Mutex/Monitor currently owned by a thread:  ([mutex/lock_event])
[0x0000000000afe440] Threads_lock - owner thread: 0x0000000016318000

heap address: 0x00000000a0000000, size: 1536 MB, Compressed Oops mode: 32-bit
Narrow klass base: 0x0000000000000000, Narrow klass shift: 3
Compressed class space size: 1073741824 Address: 0x0000000100000000

Heap:
 PSYoungGen      total 217088K, used 107586K [0x00000000e0000000, 0x00000000f1580000, 0x0000000100000000)
  eden space 155648K, 44% used [0x00000000e0000000,0x00000000e44000b8,0x00000000e9800000)
  from space 61440K, 61% used [0x00000000ed500000,0x00000000efa108e0,0x00000000f1100000)
  to   space 62464K, 0% used [0x00000000e9800000,0x00000000e9800000,0x00000000ed500000)
 ParOldGen       total 318976K, used 250261K [0x00000000a0000000, 0x00000000b3780000, 0x00000000e0000000)
  object space 318976K, 78% used [0x00000000a0000000,0x00000000af4654a8,0x00000000b3780000)
 Metaspace       used 90265K, capacity 98232K, committed 98432K, reserved 1134592K
  class space    used 11888K, capacity 13347K, committed 13440K, reserved 1048576K

Card table byte_map: [0x0000000011da0000,0x00000000120b0000] byte_map_base: 0x00000000118a0000

Marking Bits: (ParMarkBitMap*) 0x0000000051b0f030
 Begin Bits: [0x00000000126b0000, 0x0000000013eb0000)
 End Bits:   [0x0000000013eb0000, 0x00000000156b0000)

Polling page: 0x0000000000f20000

CodeCache: size=245760Kb used=60261Kb max_used=60273Kb free=185498Kb
 bounds [0x00000000029e0000, 0x0000000006520000, 0x00000000119e0000]
 total_blobs=18582 nmethods=17742 adapters=751
 compilation: enabled

Compilation events (10 events):
Event: 20370.967 Thread 0x0000000016361800 22461       3       org.gradle.internal.logging.services.DefaultLoggingManager$StartableLoggingRouter::start (50 bytes)
Event: 20370.967 Thread 0x0000000016361800 nmethod 22461 0x0000000003ef05d0 code [0x0000000003ef0780, 0x0000000003ef0d88]
Event: 20370.967 Thread 0x0000000016361800 22462   !   3       org.gradle.internal.logging.sink.OutputEventRenderer::snapshot (36 bytes)
Event: 20370.968 Thread 0x0000000016361800 nmethod 22462 0x000000000405dcd0 code [0x000000000405de60, 0x000000000405e410]
Event: 20370.968 Thread 0x0000000016361800 22463       3       org.gradle.internal.logging.source.DefaultStdOutLoggingSystem::get (4 bytes)
Event: 20370.968 Thread 0x0000000016361800 nmethod 22463 0x0000000004035150 code [0x00000000040352a0, 0x00000000040353f0]
Event: 20370.968 Thread 0x0000000016361800 22464       3       org.gradle.internal.logging.source.DefaultStdErrLoggingSystem::get (4 bytes)
Event: 20370.968 Thread 0x0000000016361800 nmethod 22464 0x0000000004034e10 code [0x0000000004034f60, 0x00000000040350b0]
Event: 20370.971 Thread 0x0000000016361800 22465       3       java.lang.invoke.BoundMethodHandle::makeReinvoker (27 bytes)
Event: 20370.971 Thread 0x0000000016361800 nmethod 22465 0x0000000003da8b50 code [0x0000000003da8ce0, 0x0000000003da90c8]

GC Heap History (10 events):
Event: 18134.413 GC heap before
{Heap before GC invocations=86 (full 8):
 PSYoungGen      total 191488K, used 170162K [0x00000000e0000000, 0x00000000efd80000, 0x0000000100000000)
  eden space 133120K, 100% used [0x00000000e0000000,0x00000000e8200000,0x00000000e8200000)
  from space 58368K, 63% used [0x00000000e8200000,0x00000000ea62c8d0,0x00000000ebb00000)
  to   space 59904K, 0% used [0x00000000ec300000,0x00000000ec300000,0x00000000efd80000)
 ParOldGen       total 318976K, used 247489K [0x00000000a0000000, 0x00000000b3780000, 0x00000000e0000000)
  object space 318976K, 77% used [0x00000000a0000000,0x00000000af1b0468,0x00000000b3780000)
 Metaspace       used 89968K, capacity 97854K, committed 98176K, reserved 1134592K
  class space    used 11876K, capacity 13328K, committed 13440K, reserved 1048576K
Event: 18134.440 GC heap after
Heap after GC invocations=86 (full 8):
 PSYoungGen      total 197120K, used 40306K [0x00000000e0000000, 0x00000000f0600000, 0x0000000100000000)
  eden space 137216K, 0% used [0x00000000e0000000,0x00000000e0000000,0x00000000e8600000)
  from space 59904K, 67% used [0x00000000ec300000,0x00000000eea5c8f0,0x00000000efd80000)
  to   space 62464K, 0% used [0x00000000e8600000,0x00000000e8600000,0x00000000ec300000)
 ParOldGen       total 318976K, used 247497K [0x00000000a0000000, 0x00000000b3780000, 0x00000000e0000000)
  object space 318976K, 77% used [0x00000000a0000000,0x00000000af1b2468,0x00000000b3780000)
 Metaspace       used 89968K, capacity 97854K, committed 98176K, reserved 1134592K
  class space    used 11876K, capacity 13328K, committed 13440K, reserved 1048576K
}
Event: 18847.252 GC heap before
{Heap before GC invocations=87 (full 8):
 PSYoungGen      total 197120K, used 177459K [0x00000000e0000000, 0x00000000f0600000, 0x0000000100000000)
  eden space 137216K, 99% used [0x00000000e0000000,0x00000000e85f03e0,0x00000000e8600000)
  from space 59904K, 67% used [0x00000000ec300000,0x00000000eea5c8f0,0x00000000efd80000)
  to   space 62464K, 0% used [0x00000000e8600000,0x00000000e8600000,0x00000000ec300000)
 ParOldGen       total 318976K, used 247497K [0x00000000a0000000, 0x00000000b3780000, 0x00000000e0000000)
  object space 318976K, 77% used [0x00000000a0000000,0x00000000af1b2468,0x00000000b3780000)
 Metaspace       used 90006K, capacity 97872K, committed 98176K, reserved 1134592K
  class space    used 11879K, capacity 13331K, committed 13440K, reserved 1048576K
Event: 18847.260 GC heap after
Heap after GC invocations=87 (full 8):
 PSYoungGen      total 199680K, used 6466K [0x00000000e0000000, 0x00000000f0780000, 0x0000000100000000)
  eden space 137216K, 0% used [0x00000000e0000000,0x00000000e0000000,0x00000000e8600000)
  from space 62464K, 10% used [0x00000000e8600000,0x00000000e8c508c0,0x00000000ec300000)
  to   space 61952K, 0% used [0x00000000ecb00000,0x00000000ecb00000,0x00000000f0780000)
 ParOldGen       total 318976K, used 247913K [0x00000000a0000000, 0x00000000b3780000, 0x00000000e0000000)
  object space 318976K, 77% used [0x00000000a0000000,0x00000000af21a478,0x00000000b3780000)
 Metaspace       used 90006K, capacity 97872K, committed 98176K, reserved 1134592K
  class space    used 11879K, capacity 13331K, committed 13440K, reserved 1048576K
}
Event: 18848.475 GC heap before
{Heap before GC invocations=88 (full 8):
 PSYoungGen      total 199680K, used 143682K [0x00000000e0000000, 0x00000000f0780000, 0x0000000100000000)
  eden space 137216K, 100% used [0x00000000e0000000,0x00000000e8600000,0x00000000e8600000)
  from space 62464K, 10% used [0x00000000e8600000,0x00000000e8c508c0,0x00000000ec300000)
  to   space 61952K, 0% used [0x00000000ecb00000,0x00000000ecb00000,0x00000000f0780000)
 ParOldGen       total 318976K, used 247913K [0x00000000a0000000, 0x00000000b3780000, 0x00000000e0000000)
  object space 318976K, 77% used [0x00000000a0000000,0x00000000af21a478,0x00000000b3780000)
 Metaspace       used 90186K, capacity 98220K, committed 98432K, reserved 1134592K
  class space    used 11886K, capacity 13345K, committed 13440K, reserved 1048576K
Event: 18848.514 GC heap after
Heap after GC invocations=88 (full 8):
 PSYoungGen      total 206848K, used 29202K [0x00000000e0000000, 0x00000000f0580000, 0x0000000100000000)
  eden space 146944K, 0% used [0x00000000e0000000,0x00000000e0000000,0x00000000e8f80000)
  from space 59904K, 48% used [0x00000000ecb00000,0x00000000ee7848d0,0x00000000f0580000)
  to   space 60416K, 0% used [0x00000000e8f80000,0x00000000e8f80000,0x00000000eca80000)
 ParOldGen       total 318976K, used 249729K [0x00000000a0000000, 0x00000000b3780000, 0x00000000e0000000)
  object space 318976K, 78% used [0x00000000a0000000,0x00000000af3e0498,0x00000000b3780000)
 Metaspace       used 90186K, capacity 98220K, committed 98432K, reserved 1134592K
  class space    used 11886K, capacity 13345K, committed 13440K, reserved 1048576K
}
Event: 18851.512 GC heap before
{Heap before GC invocations=89 (full 8):
 PSYoungGen      total 206848K, used 176146K [0x00000000e0000000, 0x00000000f0580000, 0x0000000100000000)
  eden space 146944K, 100% used [0x00000000e0000000,0x00000000e8f80000,0x00000000e8f80000)
  from space 59904K, 48% used [0x00000000ecb00000,0x00000000ee7848d0,0x00000000f0580000)
  to   space 60416K, 0% used [0x00000000e8f80000,0x00000000e8f80000,0x00000000eca80000)
 ParOldGen       total 318976K, used 249729K [0x00000000a0000000, 0x00000000b3780000, 0x00000000e0000000)
  object space 318976K, 78% used [0x00000000a0000000,0x00000000af3e0498,0x00000000b3780000)
 Metaspace       used 90229K, capacity 98226K, committed 98432K, reserved 1134592K
  class space    used 11887K, capacity 13346K, committed 13440K, reserved 1048576K
Event: 18851.552 GC heap after
Heap after GC invocations=89 (full 8):
 PSYoungGen      total 207360K, used 36674K [0x00000000e0000000, 0x00000000f1100000, 0x0000000100000000)
  eden space 146944K, 0% used [0x00000000e0000000,0x00000000e0000000,0x00000000e8f80000)
  from space 60416K, 60% used [0x00000000e8f80000,0x00000000eb3508c0,0x00000000eca80000)
  to   space 61440K, 0% used [0x00000000ed500000,0x00000000ed500000,0x00000000f1100000)
 ParOldGen       total 318976K, used 250205K [0x00000000a0000000, 0x00000000b3780000, 0x00000000e0000000)
  object space 318976K, 78% used [0x00000000a0000000,0x00000000af4574a8,0x00000000b3780000)
 Metaspace       used 90229K, capacity 98226K, committed 98432K, reserved 1134592K
  class space    used 11887K, capacity 13346K, committed 13440K, reserved 1048576K
}
Event: 18852.233 GC heap before
{Heap before GC invocations=90 (full 8):
 PSYoungGen      total 207360K, used 183618K [0x00000000e0000000, 0x00000000f1100000, 0x0000000100000000)
  eden space 146944K, 100% used [0x00000000e0000000,0x00000000e8f80000,0x00000000e8f80000)
  from space 60416K, 60% used [0x00000000e8f80000,0x00000000eb3508c0,0x00000000eca80000)
  to   space 61440K, 0% used [0x00000000ed500000,0x00000000ed500000,0x00000000f1100000)
 ParOldGen       total 318976K, used 250205K [0x00000000a0000000, 0x00000000b3780000, 0x00000000e0000000)
  object space 318976K, 78% used [0x00000000a0000000,0x00000000af4574a8,0x00000000b3780000)
 Metaspace       used 90242K, capacity 98226K, committed 98432K, reserved 1134592K
  class space    used 11887K, capacity 13346K, committed 13440K, reserved 1048576K
Event: 18852.274 GC heap after
Heap after GC invocations=90 (full 8):
 PSYoungGen      total 217088K, used 37954K [0x00000000e0000000, 0x00000000f1580000, 0x0000000100000000)
  eden space 155648K, 0% used [0x00000000e0000000,0x00000000e0000000,0x00000000e9800000)
  from space 61440K, 61% used [0x00000000ed500000,0x00000000efa108e0,0x00000000f1100000)
  to   space 62464K, 0% used [0x00000000e9800000,0x00000000e9800000,0x00000000ed500000)
 ParOldGen       total 318976K, used 250261K [0x00000000a0000000, 0x00000000b3780000, 0x00000000e0000000)
  object space 318976K, 78% used [0x00000000a0000000,0x00000000af4654a8,0x00000000b3780000)
 Metaspace       used 90242K, capacity 98226K, committed 98432K, reserved 1134592K
  class space    used 11887K, capacity 13346K, committed 13440K, reserved 1048576K
}

Deoptimization events (10 events):
Event: 18103.581 Thread 0x000000001ce2a000 Uncommon trap: reason=null_check action=make_not_entrant pc=0x00000000060bbee8 method=org.gradle.api.internal.tasks.properties.bean.AbstractNestedRuntimeBeanNode$BeanPropertyValue.isProvider()Z @ 9
Event: 18117.631 Thread 0x0000000029b1f800 Uncommon trap: reason=class_check action=maybe_recompile pc=0x0000000004c39050 method=com.google.common.cache.LocalCache$Segment.get(Ljava/lang/Object;ILcom/google/common/cache/CacheLoader;)Ljava/lang/Object; @ 108
Event: 18117.631 Thread 0x0000000029b1f800 Uncommon trap: reason=class_check action=maybe_recompile pc=0x00000000044c79d8 method=com.google.common.cache.LocalCache$Segment.lockedGetOrLoad(Ljava/lang/Object;ILcom/google/common/cache/CacheLoader;)Ljava/lang/Object; @ 129
Event: 18123.706 Thread 0x000000001ce2a000 Uncommon trap: reason=unstable_if action=reinterpret pc=0x0000000003ee6ba4 method=java.util.HashMap.removeNode(ILjava/lang/Object;Ljava/lang/Object;ZZ)Ljava/util/HashMap$Node; @ 146
Event: 18131.651 Thread 0x000000001ce2a000 Uncommon trap: reason=null_check action=make_not_entrant pc=0x00000000060e6d6c method=org.gradle.api.internal.tasks.properties.bean.AbstractNestedRuntimeBeanNode$BeanPropertyValue.isBuildable()Z @ 9
Event: 18133.920 Thread 0x000000001c703800 Uncommon trap: reason=unstable_if action=reinterpret pc=0x00000000060330a4 method=java.util.concurrent.ConcurrentHashMap.get(Ljava/lang/Object;)Ljava/lang/Object; @ 86
Event: 18133.920 Thread 0x000000001ce26000 Uncommon trap: reason=unstable_if action=reinterpret pc=0x00000000060330a4 method=java.util.concurrent.ConcurrentHashMap.get(Ljava/lang/Object;)Ljava/lang/Object; @ 86
Event: 18135.016 Thread 0x000000001ce2a000 Uncommon trap: reason=unstable_if action=reinterpret pc=0x000000000544bd38 method=java.text.SimpleDateFormat.zeroPaddingNumber(IIILjava/lang/StringBuffer;)V @ 41
Event: 18135.017 Thread 0x000000001ce2a000 Uncommon trap: reason=unstable_if action=reinterpret pc=0x0000000004d78810 method=java.text.DecimalFormat.subformat(Ljava/lang/StringBuffer;Ljava/text/Format$FieldDelegate;ZZIIII)Ljava/lang/StringBuffer; @ 814
Event: 18852.047 Thread 0x0000000026fb9800 Uncommon trap: reason=unstable_if action=reinterpret pc=0x0000000003c4cc34 method=java.util.concurrent.ConcurrentHashMap.putVal(Ljava/lang/Object;Ljava/lang/Object;Z)Ljava/lang/Object; @ 147

Classes redefined (0 events):
No events

Internal exceptions (10 events):
Event: 18852.988 Thread 0x0000000018d52000 Exception <a 'sun/nio/fs/WindowsException'> (0x00000000e282f560) thrown at [C:\src\AOSP-openjdk-git\hotspot\src\share\vm\prims\jni.cpp, line 710]
Event: 18852.988 Thread 0x0000000018d52000 Exception <a 'sun/nio/fs/WindowsException'> (0x00000000e2830680) thrown at [C:\src\AOSP-openjdk-git\hotspot\src\share\vm\prims\jni.cpp, line 710]
Event: 18853.002 Thread 0x0000000018d52000 Exception <a 'sun/nio/fs/WindowsException'> (0x00000000e2aa2f48) thrown at [C:\src\AOSP-openjdk-git\hotspot\src\share\vm\prims\jni.cpp, line 710]
Event: 18853.002 Thread 0x0000000018d52000 Exception <a 'sun/nio/fs/WindowsException'> (0x00000000e2aa4048) thrown at [C:\src\AOSP-openjdk-git\hotspot\src\share\vm\prims\jni.cpp, line 710]
Event: 18853.011 Thread 0x0000000018d52000 Exception <a 'sun/nio/fs/WindowsException'> (0x00000000e2b36878) thrown at [C:\src\AOSP-openjdk-git\hotspot\src\share\vm\prims\jni.cpp, line 710]
Event: 18853.011 Thread 0x0000000018d52000 Exception <a 'sun/nio/fs/WindowsException'> (0x00000000e2b37998) thrown at [C:\src\AOSP-openjdk-git\hotspot\src\share\vm\prims\jni.cpp, line 710]
Event: 18853.040 Thread 0x0000000018d52000 Exception <a 'sun/nio/fs/WindowsException'> (0x00000000e2daab18) thrown at [C:\src\AOSP-openjdk-git\hotspot\src\share\vm\prims\jni.cpp, line 710]
Event: 18853.040 Thread 0x0000000018d52000 Exception <a 'sun/nio/fs/WindowsException'> (0x00000000e2dabc18) thrown at [C:\src\AOSP-openjdk-git\hotspot\src\share\vm\prims\jni.cpp, line 710]
Event: 18853.052 Thread 0x0000000026fb5000 Exception <a 'sun/nio/fs/WindowsException'> (0x00000000e2e29418) thrown at [C:\src\AOSP-openjdk-git\hotspot\src\share\vm\prims\jni.cpp, line 710]
Event: 18853.052 Thread 0x0000000026fb5000 Exception <a 'sun/nio/fs/WindowsException'> (0x00000000e2e2b0a8) thrown at [C:\src\AOSP-openjdk-git\hotspot\src\share\vm\prims\jni.cpp, line 710]

Events (10 events):
Event: 20370.806 Thread 0x0000000026fb3000 Thread added: 0x0000000026fb3000
Event: 20370.810 Thread 0x0000000026fb2000 Thread added: 0x0000000026fb2000
Event: 20370.970 Thread 0x0000000026fb0000 Thread added: 0x0000000026fb0000
Event: 20372.532 Thread 0x0000000026fb6800 Thread added: 0x0000000026fb6800
Event: 20372.532 Thread 0x0000000026fb7800 Thread added: 0x0000000026fb7800
Event: 20372.532 Thread 0x0000000026fb0800 Thread added: 0x0000000026fb0800
Event: 20372.532 Thread 0x0000000026fb4800 Thread added: 0x0000000026fb4800
Event: 20372.532 Executing VM operation: RevokeBias
Event: 20372.533 Executing VM operation: RevokeBias done
Event: 20372.533 Executing VM operation: RevokeBias


Dynamic libraries:
0x00007ff6135f0000 - 0x00007ff613621000 	C:\Program Files\Android\Android Studio1\jre\bin\java.exe
0x00007ffc5ceb0000 - 0x00007ffc5d0a5000 	C:\WINDOWS\SYSTEM32\ntdll.dll
0x00007ffc5bad0000 - 0x00007ffc5bb8d000 	C:\WINDOWS\System32\KERNEL32.DLL
0x00007ffc5a5f0000 - 0x00007ffc5a8b8000 	C:\WINDOWS\System32\KERNELBASE.dll
0x00007ffc5bb90000 - 0x00007ffc5bc3c000 	C:\WINDOWS\System32\ADVAPI32.dll
0x00007ffc5bd80000 - 0x00007ffc5be1e000 	C:\WINDOWS\System32\msvcrt.dll
0x00007ffc5b810000 - 0x00007ffc5b8ab000 	C:\WINDOWS\System32\sechost.dll
0x00007ffc5c070000 - 0x00007ffc5c19b000 	C:\WINDOWS\System32\RPCRT4.dll
0x00007ffc5bed0000 - 0x00007ffc5c070000 	C:\WINDOWS\System32\USER32.dll
0x00007ffc5aa00000 - 0x00007ffc5aa22000 	C:\WINDOWS\System32\win32u.dll
0x00007ffc5b7e0000 - 0x00007ffc5b80a000 	C:\WINDOWS\System32\GDI32.dll
0x00007ffc5ab20000 - 0x00007ffc5ac2b000 	C:\WINDOWS\System32\gdi32full.dll
0x00007ffc5aa80000 - 0x00007ffc5ab1d000 	C:\WINDOWS\System32\msvcp_win.dll
0x00007ffc5ac30000 - 0x00007ffc5ad30000 	C:\WINDOWS\System32\ucrtbase.dll
0x00007ffc51d40000 - 0x00007ffc51fda000 	C:\WINDOWS\WinSxS\amd64_microsoft.windows.common-controls_6595b64144ccf1df_6.0.19041.1052_none_60b8f8fd71f5e8cb\COMCTL32.dll
0x00007ffc5ba20000 - 0x00007ffc5ba50000 	C:\WINDOWS\System32\IMM32.DLL
0x0000000052800000 - 0x00000000528d2000 	C:\Program Files\Android\Android Studio1\jre\jre\bin\msvcr100.dll
0x0000000051340000 - 0x0000000051b8b000 	C:\Program Files\Android\Android Studio1\jre\jre\bin\server\jvm.dll
0x00007ffc5ce60000 - 0x00007ffc5ce68000 	C:\WINDOWS\System32\PSAPI.DLL
0x00007ffc52400000 - 0x00007ffc52409000 	C:\WINDOWS\SYSTEM32\WSOCK32.dll
0x00007ffc56390000 - 0x00007ffc563b7000 	C:\WINDOWS\SYSTEM32\WINMM.dll
0x00007ffc53bf0000 - 0x00007ffc53bfa000 	C:\WINDOWS\SYSTEM32\VERSION.dll
0x00007ffc5b9b0000 - 0x00007ffc5ba1b000 	C:\WINDOWS\System32\WS2_32.dll
0x00007ffc523f0000 - 0x00007ffc523ff000 	C:\Program Files\Android\Android Studio1\jre\jre\bin\verify.dll
0x00007ffc523c0000 - 0x00007ffc523e9000 	C:\Program Files\Android\Android Studio1\jre\jre\bin\java.dll
0x00007ffc523a0000 - 0x00007ffc523b6000 	C:\Program Files\Android\Android Studio1\jre\jre\bin\zip.dll
0x00007ffc5c720000 - 0x00007ffc5ce5f000 	C:\WINDOWS\System32\SHELL32.dll
0x00007ffc58660000 - 0x00007ffc58df0000 	C:\WINDOWS\SYSTEM32\windows.storage.dll
0x00007ffc5b3b0000 - 0x00007ffc5b705000 	C:\WINDOWS\System32\combase.dll
0x00007ffc59ff0000 - 0x00007ffc5a01c000 	C:\WINDOWS\SYSTEM32\Wldp.dll
0x00007ffc5be20000 - 0x00007ffc5bece000 	C:\WINDOWS\System32\SHCORE.dll
0x00007ffc5c250000 - 0x00007ffc5c2a5000 	C:\WINDOWS\System32\shlwapi.dll
0x00007ffc5a530000 - 0x00007ffc5a54f000 	C:\WINDOWS\SYSTEM32\profapi.dll
0x00007ffc52380000 - 0x00007ffc5239a000 	C:\Program Files\Android\Android Studio1\jre\jre\bin\net.dll
0x00007ffc59d00000 - 0x00007ffc59d6a000 	C:\WINDOWS\system32\mswsock.dll
0x00007ffc52360000 - 0x00007ffc52373000 	C:\Program Files\Android\Android Studio1\jre\jre\bin\nio.dll
0x00007ffc52330000 - 0x00007ffc52356000 	C:\Users\enes\.gradle\native\fdc75f09e3144964f2cf3f50f0aa648679c211496f362492102eb8c894070792\windows-amd64\native-platform.dll
0x00007ffc4e0b0000 - 0x00007ffc4e241000 	C:\Users\enes\.gradle\native\12488b8bf47d2d4c9fbf2f6322a914ad602e24e48041cd04a747c6da556b65c4\windows-amd64\native-platform-file-events.dll
0x00007ffc52320000 - 0x00007ffc5232d000 	C:\Program Files\Android\Android Studio1\jre\jre\bin\management.dll
0x00007ffc59ed0000 - 0x00007ffc59ee8000 	C:\WINDOWS\SYSTEM32\CRYPTSP.dll
0x00007ffc596a0000 - 0x00007ffc596d4000 	C:\WINDOWS\system32\rsaenh.dll
0x00007ffc5a970000 - 0x00007ffc5a997000 	C:\WINDOWS\System32\bcrypt.dll
0x00007ffc5a4f0000 - 0x00007ffc5a51e000 	C:\WINDOWS\SYSTEM32\USERENV.dll
0x00007ffc5ae90000 - 0x00007ffc5af13000 	C:\WINDOWS\System32\bcryptprimitives.dll
0x00007ffc59ef0000 - 0x00007ffc59efc000 	C:\WINDOWS\SYSTEM32\CRYPTBASE.dll
0x00007ffc599f0000 - 0x00007ffc59a2b000 	C:\WINDOWS\SYSTEM32\IPHLPAPI.DLL
0x00007ffc5b8b0000 - 0x00007ffc5b8b8000 	C:\WINDOWS\System32\NSI.dll
0x00007ffc53e70000 - 0x00007ffc53e87000 	C:\WINDOWS\SYSTEM32\dhcpcsvc6.DLL
0x00007ffc54100000 - 0x00007ffc5411d000 	C:\WINDOWS\SYSTEM32\dhcpcsvc.DLL
0x00007ffc59a30000 - 0x00007ffc59afc000 	C:\WINDOWS\SYSTEM32\DNSAPI.dll
0x00007ffc546a0000 - 0x00007ffc546ab000 	C:\WINDOWS\SYSTEM32\WINNSI.DLL
0x00007ffc41b20000 - 0x00007ffc41d04000 	C:\WINDOWS\SYSTEM32\dbghelp.dll

VM Arguments:
jvm_args: -Xmx1536M -Dfile.encoding=windows-1254 -Duser.country=TR -Duser.language=tr -Duser.variant 
java_command: org.gradle.launcher.daemon.bootstrap.GradleDaemon 6.7.1
java_class_path (initial): C:\Users\enes\.gradle\wrapper\dists\gradle-6.7.1-all\2moa8rlfac5eqlcfgk98k0deb\gradle-6.7.1\lib\gradle-launcher-6.7.1.jar
Launcher Type: SUN_STANDARD

Environment Variables:
JAVA_HOME=C:\Program Files\Android\Android Studio1\jre
CLASSPATH=D:\flutter_projects\bkatilproject-main\bkatilproject-main\android\\gradle\wrapper\gradle-wrapper.jar
PATH=C:\Program Files\Git\cmd;C:\Windows\System32;C:\Windows\SysWOW64;C:\Program Files\Java\jdk-12.0.2\bin;C:\OpenSSL\openssl-0.9.8k_X64;D:\src\flutter\bin;C:\Windows\System32\WindowsPowerShell\v1.0\;;C:\Program Files\NVIDIA Corporation\NVIDIA NvDLISR;C:\WINDOWS\system32;C:\WINDOWS;C:\WINDOWS\System32\Wbem;C:\WINDOWS\System32\WindowsPowerShell\v1.0\;C:\WINDOWS\System32\OpenSSH\;C:\Program Files\Common Files\Autodesk Shared\;C:\Program Files\Microsoft SQL Server\120\Tools\Binn\;D:\src\flutter\bin;C:\Users\enes\AppData\Local\Programs\Microsoft VS Code\bin;C:\Users\enes\AppData\Local\Microsoft\WindowsApps;;D:\src\flutter\bin\mingit\cmd
USERNAME=enes
OS=Windows_NT
PROCESSOR_IDENTIFIER=Intel64 Family 6 Model 158 Stepping 9, GenuineIntel



---------------  S Y S T E M  ---------------

OS: Windows 10.0 , 64 bit Build 19041 (10.0.19041.1023)

CPU:total 4 (initial active 4) (4 cores per cpu, 1 threads per core) family 6 model 158 stepping 9, cmov, cx8, fxsr, mmx, sse, sse2, sse3, ssse3, sse4.1, sse4.2, popcnt, avx, avx2, aes, clmul, erms, 3dnowpref, lzcnt, tsc, tscinvbit, bmi1, bmi2, adx

Memory: 4k page, physical 8306720k(1271792k free), swap 8306720k(167548k free)

vm_info: OpenJDK 64-Bit Server VM (25.242-b01) for windows-amd64 JRE (1.8.0_242-release-1644-b01), built by "builder" with MS VC++ 10.0 (VS2010)

time: Wed Jun 16 14:27:58 2021
timezone: Türkiye Standart Saati
elapsed time: 20372 seconds (0d 5h 39m 32s)

