#
# There is insufficient memory for the Java Runtime Environment to continue.
# Native memory allocation (malloc) failed to allocate 384496 bytes for Chunk::new
# Possible reasons:
#   The system is out of physical RAM or swap space
#   The process is running with CompressedOops enabled, and the Java Heap may be blocking the growth of the native heap
# Possible solutions:
#   Reduce memory load on the system
#   Increase physical memory or swap space
#   Check if swap backing store is full
#   Decrease Java heap size (-Xmx/-Xms)
#   Decrease number of Java threads
#   Decrease Java thread stack sizes (-Xss)
#   Set larger code cache with -XX:ReservedCodeCacheSize=
#   JVM is running with Unscaled Compressed Oops mode in which the Java heap is
#     placed in the first 4GB address space. The Java Heap base address is the
#     maximum limit for the native heap growth. Please use -XX:HeapBaseMinAddress
#     to set the Java Heap base and to place the Java Heap above 4GB virtual address.
# This output file may be truncated or incomplete.
#
#  Out of Memory Error (allocation.cpp:389), pid=3856, tid=0x0000000000001054
#
# JRE version: OpenJDK Runtime Environment (8.0_242-b01) (build 1.8.0_242-release-1644-b01)
# Java VM: OpenJDK 64-Bit Server VM (25.242-b01 mixed mode windows-amd64 compressed oops)
# Failed to write core dump. Minidumps are not enabled by default on client versions of Windows
#

---------------  T H R E A D  ---------------

Current thread (0x0000000016263800):  JavaThread "C2 CompilerThread1" daemon [_thread_in_native, id=4180, stack(0x00000000179b0000,0x0000000017ab0000)]

Stack: [0x00000000179b0000,0x0000000017ab0000]
[error occurred during error reporting (printing stack bounds), id 0xc0000005]

Native frames: (J=compiled Java code, j=interpreted, Vv=VM code, C=native code)


Current CompileTask:
C2:3233502 15922   !   4       java.util.concurrent.LinkedBlockingQueue::poll (134 bytes)


---------------  P R O C E S S  ---------------

Java Threads: ( => current thread )
  0x000000001a5ba800 JavaThread "Exec process Thread 3" [_thread_in_native, id=2056, stack(0x000000002ef50000,0x000000002f050000)]
  0x000000001dce2000 JavaThread "Exec process Thread 2" [_thread_in_native, id=10792, stack(0x000000002ee50000,0x000000002ef50000)]
  0x000000001dce1000 JavaThread "Exec process" [_thread_in_native, id=12368, stack(0x000000002ed50000,0x000000002ee50000)]
  0x000000001dcde000 JavaThread "Cache worker for execution history cache (D:\flutter_projects\bkatilproject-main\bkatilproject-main\android\.gradle\6.7.1\executionHistory)" [_thread_blocked, id=11812, stack(0x000000002eb00000,0x000000002ec00000)]
  0x000000001dcdb000 JavaThread "Execution worker for ':' Thread 3" [_thread_blocked, id=228, stack(0x000000002ea00000,0x000000002eb00000)]
  0x000000001dcdf000 JavaThread "Execution worker for ':' Thread 2" [_thread_blocked, id=12496, stack(0x000000002d0c0000,0x000000002d1c0000)]
  0x000000001dcdd800 JavaThread "Execution worker for ':'" [_thread_blocked, id=8972, stack(0x000000002cfc0000,0x000000002d0c0000)]
  0x000000001dce0800 JavaThread "build event listener" [_thread_blocked, id=2640, stack(0x000000002cec0000,0x000000002cfc0000)]
  0x000000001dcdf800 JavaThread "jar transforms Thread 236" [_thread_blocked, id=6260, stack(0x000000002cdc0000,0x000000002cec0000)]
  0x000000001dcdc800 JavaThread "jar transforms Thread 235" [_thread_blocked, id=2804, stack(0x000000002ae20000,0x000000002af20000)]
  0x000000001dcd3800 JavaThread "jar transforms Thread 234" [_thread_blocked, id=4824, stack(0x00000000298f0000,0x00000000299f0000)]
  0x000000001dcda800 JavaThread "jar transforms Thread 233" [_thread_blocked, id=6940, stack(0x0000000028720000,0x0000000028820000)]
  0x000000001dcd3000 JavaThread "jar transforms Thread 232" [_thread_blocked, id=7092, stack(0x0000000028620000,0x0000000028720000)]
  0x000000001dcd4800 JavaThread "jar transforms Thread 231" [_thread_blocked, id=10288, stack(0x0000000028520000,0x0000000028620000)]
  0x000000001dcd9000 JavaThread "jar transforms Thread 230" [_thread_blocked, id=8540, stack(0x0000000028420000,0x0000000028520000)]
  0x000000001dcd8000 JavaThread "jar transforms Thread 229" [_thread_blocked, id=12116, stack(0x0000000028320000,0x0000000028420000)]
  0x000000001dcd5000 JavaThread "jar transforms Thread 228" [_thread_blocked, id=4200, stack(0x0000000028220000,0x0000000028320000)]
  0x000000001dcd6800 JavaThread "jar transforms Thread 227" [_thread_blocked, id=12944, stack(0x0000000028120000,0x0000000028220000)]
  0x000000001dcd7800 JavaThread "jar transforms Thread 226" [_thread_blocked, id=1036, stack(0x0000000028020000,0x0000000028120000)]
  0x000000001dcd9800 JavaThread "jar transforms Thread 225" [_thread_blocked, id=2644, stack(0x0000000027f20000,0x0000000028020000)]
  0x000000001dcd6000 JavaThread "jar transforms Thread 224" [_thread_blocked, id=9424, stack(0x0000000027e20000,0x0000000027f20000)]
  0x000000002a89f800 JavaThread "jar transforms Thread 223" [_thread_blocked, id=6776, stack(0x0000000027d20000,0x0000000027e20000)]
  0x000000002a89e800 JavaThread "jar transforms Thread 222" [_thread_blocked, id=3704, stack(0x0000000027c20000,0x0000000027d20000)]
  0x000000002a89e000 JavaThread "jar transforms Thread 221" [_thread_blocked, id=1312, stack(0x0000000027b20000,0x0000000027c20000)]
  0x000000002a896800 JavaThread "jar transforms Thread 220" [_thread_blocked, id=7568, stack(0x0000000027a20000,0x0000000027b20000)]
  0x000000002a89d000 JavaThread "jar transforms Thread 219" [_thread_blocked, id=10824, stack(0x0000000027920000,0x0000000027a20000)]
  0x000000002a89a000 JavaThread "jar transforms Thread 218" [_thread_blocked, id=10648, stack(0x0000000027820000,0x0000000027920000)]
  0x000000002a899800 JavaThread "jar transforms Thread 217" [_thread_blocked, id=7268, stack(0x0000000027720000,0x0000000027820000)]
  0x000000002a898800 JavaThread "jar transforms Thread 216" [_thread_blocked, id=9764, stack(0x0000000027620000,0x0000000027720000)]
  0x000000002a89b000 JavaThread "jar transforms Thread 215" [_thread_blocked, id=10272, stack(0x0000000027520000,0x0000000027620000)]
  0x000000002a898000 JavaThread "jar transforms Thread 214" [_thread_blocked, id=11172, stack(0x0000000027420000,0x0000000027520000)]
  0x000000002a89c800 JavaThread "jar transforms Thread 213" [_thread_blocked, id=1796, stack(0x0000000027320000,0x0000000027420000)]
  0x000000002a89b800 JavaThread "jar transforms Thread 212" [_thread_blocked, id=1660, stack(0x0000000027220000,0x0000000027320000)]
  0x000000002a897000 JavaThread "jar transforms Thread 211" [_thread_blocked, id=6368, stack(0x0000000027120000,0x0000000027220000)]
  0x000000002a890000 JavaThread "jar transforms Thread 210" [_thread_blocked, id=12212, stack(0x0000000027020000,0x0000000027120000)]
  0x000000002a895800 JavaThread "jar transforms Thread 209" [_thread_blocked, id=9708, stack(0x0000000026f20000,0x0000000027020000)]
  0x000000002a894800 JavaThread "jar transforms Thread 208" [_thread_blocked, id=1420, stack(0x0000000026e20000,0x0000000026f20000)]
  0x000000002a894000 JavaThread "jar transforms Thread 207" [_thread_blocked, id=5824, stack(0x0000000026d20000,0x0000000026e20000)]
  0x000000002a892800 JavaThread "jar transforms Thread 206" [_thread_blocked, id=13304, stack(0x0000000026c20000,0x0000000026d20000)]
  0x000000002a891000 JavaThread "jar transforms Thread 205" [_thread_blocked, id=5884, stack(0x0000000026b20000,0x0000000026c20000)]
  0x000000002a893000 JavaThread "jar transforms Thread 204" [_thread_blocked, id=10636, stack(0x0000000026a20000,0x0000000026b20000)]
  0x000000002a891800 JavaThread "jar transforms Thread 203" [_thread_blocked, id=10396, stack(0x0000000026920000,0x0000000026a20000)]
  0x000000001a684800 JavaThread "jar transforms Thread 202" [_thread_blocked, id=13260, stack(0x0000000026820000,0x0000000026920000)]
  0x000000001a683800 JavaThread "jar transforms Thread 201" [_thread_blocked, id=8088, stack(0x0000000026720000,0x0000000026820000)]
  0x000000001a683000 JavaThread "jar transforms Thread 200" [_thread_blocked, id=11816, stack(0x0000000026620000,0x0000000026720000)]
  0x000000001a682000 JavaThread "jar transforms Thread 199" [_thread_blocked, id=10552, stack(0x0000000026520000,0x0000000026620000)]
  0x000000001a685000 JavaThread "jar transforms Thread 198" [_thread_blocked, id=1640, stack(0x0000000026420000,0x0000000026520000)]
  0x000000001a688000 JavaThread "jar transforms Thread 197" [_thread_blocked, id=13228, stack(0x0000000026320000,0x0000000026420000)]
  0x000000001a681800 JavaThread "jar transforms Thread 196" [_thread_blocked, id=7000, stack(0x0000000026220000,0x0000000026320000)]
  0x000000001a687800 JavaThread "jar transforms Thread 195" [_thread_blocked, id=9948, stack(0x0000000026120000,0x0000000026220000)]
  0x000000001a680800 JavaThread "jar transforms Thread 194" [_thread_blocked, id=11624, stack(0x0000000026020000,0x0000000026120000)]
  0x000000001a686000 JavaThread "jar transforms Thread 193" [_thread_blocked, id=9752, stack(0x0000000025f20000,0x0000000026020000)]
  0x000000001a686800 JavaThread "jar transforms Thread 192" [_thread_blocked, id=11144, stack(0x0000000025e20000,0x0000000025f20000)]
  0x000000001a679000 JavaThread "jar transforms Thread 191" [_thread_blocked, id=3760, stack(0x0000000025d20000,0x0000000025e20000)]
  0x000000001a680000 JavaThread "jar transforms Thread 190" [_thread_blocked, id=8712, stack(0x0000000025c20000,0x0000000025d20000)]
  0x000000001a67f000 JavaThread "jar transforms Thread 189" [_thread_blocked, id=3752, stack(0x0000000025b20000,0x0000000025c20000)]
  0x000000001a67a800 JavaThread "jar transforms Thread 188" [_thread_blocked, id=5652, stack(0x0000000025a20000,0x0000000025b20000)]
  0x000000001a67e800 JavaThread "jar transforms Thread 187" [_thread_blocked, id=12788, stack(0x0000000025920000,0x0000000025a20000)]
  0x000000001a67a000 JavaThread "jar transforms Thread 186" [_thread_blocked, id=6432, stack(0x0000000025820000,0x0000000025920000)]
  0x000000001a67d800 JavaThread "jar transforms Thread 185" [_thread_blocked, id=11692, stack(0x0000000025720000,0x0000000025820000)]
  0x000000001a67d000 JavaThread "jar transforms Thread 184" [_thread_blocked, id=6256, stack(0x0000000025620000,0x0000000025720000)]
  0x000000001a67c000 JavaThread "jar transforms Thread 183" [_thread_blocked, id=6984, stack(0x0000000025520000,0x0000000025620000)]
  0x000000001a67b800 JavaThread "jar transforms Thread 182" [_thread_blocked, id=2276, stack(0x0000000025420000,0x0000000025520000)]
  0x0000000018d70000 JavaThread "jar transforms Thread 181" [_thread_blocked, id=13208, stack(0x0000000025320000,0x0000000025420000)]
  0x0000000018d6f000 JavaThread "jar transforms Thread 180" [_thread_blocked, id=13204, stack(0x0000000025220000,0x0000000025320000)]
  0x0000000018d6e800 JavaThread "jar transforms Thread 179" [_thread_blocked, id=11220, stack(0x0000000025120000,0x0000000025220000)]
  0x0000000018d6d000 JavaThread "jar transforms Thread 178" [_thread_blocked, id=8332, stack(0x0000000025020000,0x0000000025120000)]
  0x0000000018d6d800 JavaThread "jar transforms Thread 177" [_thread_blocked, id=12352, stack(0x0000000024f20000,0x0000000025020000)]
  0x0000000018d70800 JavaThread "jar transforms Thread 176" [_thread_blocked, id=888, stack(0x0000000024e20000,0x0000000024f20000)]
  0x0000000018d6c000 JavaThread "jar transforms Thread 175" [_thread_blocked, id=6712, stack(0x0000000024d20000,0x0000000024e20000)]
  0x0000000018d64800 JavaThread "jar transforms Thread 174" [_thread_blocked, id=12068, stack(0x0000000024c20000,0x0000000024d20000)]
  0x0000000018d6b800 JavaThread "jar transforms Thread 173" [_thread_blocked, id=8456, stack(0x0000000024b20000,0x0000000024c20000)]
  0x0000000018d64000 JavaThread "jar transforms Thread 172" [_thread_blocked, id=4276, stack(0x0000000024a20000,0x0000000024b20000)]
  0x0000000018d67800 JavaThread "jar transforms Thread 171" [_thread_blocked, id=5832, stack(0x0000000024920000,0x0000000024a20000)]
  0x0000000018d66000 JavaThread "jar transforms Thread 170" [_thread_blocked, id=10772, stack(0x0000000024820000,0x0000000024920000)]
  0x0000000018d6a800 JavaThread "jar transforms Thread 169" [_thread_blocked, id=636, stack(0x0000000024720000,0x0000000024820000)]
  0x0000000018d65800 JavaThread "jar transforms Thread 168" [_thread_blocked, id=6928, stack(0x0000000024620000,0x0000000024720000)]
  0x0000000018d6a000 JavaThread "jar transforms Thread 167" [_thread_blocked, id=4892, stack(0x0000000024520000,0x0000000024620000)]
  0x0000000018d67000 JavaThread "jar transforms Thread 166" [_thread_blocked, id=6964, stack(0x0000000024420000,0x0000000024520000)]
  0x0000000018d63000 JavaThread "jar transforms Thread 165" [_thread_blocked, id=1500, stack(0x0000000024320000,0x0000000024420000)]
  0x0000000018d62800 JavaThread "jar transforms Thread 164" [_thread_blocked, id=12480, stack(0x0000000024220000,0x0000000024320000)]
  0x0000000018d69000 JavaThread "jar transforms Thread 163" [_thread_blocked, id=12584, stack(0x0000000024120000,0x0000000024220000)]
  0x0000000018d68800 JavaThread "jar transforms Thread 162" [_thread_blocked, id=13152, stack(0x0000000024020000,0x0000000024120000)]
  0x0000000018d61800 JavaThread "jar transforms Thread 161" [_thread_blocked, id=13024, stack(0x0000000023f20000,0x0000000024020000)]
  0x000000001926a800 JavaThread "jar transforms Thread 160" [_thread_blocked, id=12360, stack(0x0000000023e20000,0x0000000023f20000)]
  0x0000000019269800 JavaThread "jar transforms Thread 159" [_thread_blocked, id=11780, stack(0x0000000023d20000,0x0000000023e20000)]
  0x0000000019269000 JavaThread "jar transforms Thread 158" [_thread_blocked, id=8884, stack(0x0000000023c20000,0x0000000023d20000)]
  0x0000000019268000 JavaThread "jar transforms Thread 157" [_thread_blocked, id=12808, stack(0x0000000023b20000,0x0000000023c20000)]
  0x0000000019260800 JavaThread "jar transforms Thread 156" [_thread_blocked, id=11308, stack(0x0000000023a20000,0x0000000023b20000)]
  0x0000000019267800 JavaThread "jar transforms Thread 155" [_thread_blocked, id=11680, stack(0x0000000023920000,0x0000000023a20000)]
  0x0000000019260000 JavaThread "jar transforms Thread 154" [_thread_blocked, id=7236, stack(0x0000000023820000,0x0000000023920000)]
  0x0000000019266800 JavaThread "jar transforms Thread 153" [_thread_blocked, id=8496, stack(0x0000000023720000,0x0000000023820000)]
  0x000000001925f000 JavaThread "jar transforms Thread 152" [_thread_blocked, id=9484, stack(0x0000000023620000,0x0000000023720000)]
  0x0000000019266000 JavaThread "jar transforms Thread 151" [_thread_blocked, id=4248, stack(0x0000000023520000,0x0000000023620000)]
  0x0000000019265000 JavaThread "jar transforms Thread 150" [_thread_blocked, id=12652, stack(0x0000000023420000,0x0000000023520000)]
  0x000000001925d800 JavaThread "jar transforms Thread 149" [_thread_blocked, id=7728, stack(0x0000000023320000,0x0000000023420000)]
  0x000000001925e800 JavaThread "jar transforms Thread 148" [_thread_blocked, id=7604, stack(0x0000000023220000,0x0000000023320000)]
  0x0000000019264800 JavaThread "jar transforms Thread 147" [_thread_blocked, id=10944, stack(0x0000000023120000,0x0000000023220000)]
  0x000000001925d000 JavaThread "jar transforms Thread 146" [_thread_blocked, id=6524, stack(0x0000000023020000,0x0000000023120000)]
  0x0000000019263800 JavaThread "jar transforms Thread 145" [_thread_blocked, id=7252, stack(0x0000000022f20000,0x0000000023020000)]
  0x0000000019263000 JavaThread "jar transforms Thread 144" [_thread_blocked, id=1608, stack(0x0000000022e20000,0x0000000022f20000)]
  0x000000001925c000 JavaThread "jar transforms Thread 143" [_thread_blocked, id=12728, stack(0x0000000022d20000,0x0000000022e20000)]
  0x0000000019262000 JavaThread "jar transforms Thread 142" [_thread_blocked, id=7536, stack(0x0000000022c20000,0x0000000022d20000)]
  0x0000000019261800 JavaThread "jar transforms Thread 141" [_thread_blocked, id=6008, stack(0x0000000022b20000,0x0000000022c20000)]
  0x000000001925b800 JavaThread "jar transforms Thread 140" [_thread_blocked, id=1800, stack(0x0000000022a20000,0x0000000022b20000)]
  0x000000001626b000 JavaThread "jar transforms Thread 139" [_thread_blocked, id=12104, stack(0x0000000022920000,0x0000000022a20000)]
  0x000000001626a000 JavaThread "jar transforms Thread 138" [_thread_blocked, id=13088, stack(0x0000000022820000,0x0000000022920000)]
  0x000000001626f800 JavaThread "jar transforms Thread 137" [_thread_blocked, id=3776, stack(0x0000000022720000,0x0000000022820000)]
  0x0000000016268800 JavaThread "jar transforms Thread 136" [_thread_blocked, id=12596, stack(0x0000000022620000,0x0000000022720000)]
  0x000000001626b800 JavaThread "jar transforms Thread 135" [_thread_blocked, id=1860, stack(0x0000000022520000,0x0000000022620000)]
  0x000000001626f000 JavaThread "jar transforms Thread 134" [_thread_blocked, id=12336, stack(0x0000000022420000,0x0000000022520000)]
  0x000000001626e000 JavaThread "jar transforms Thread 133" [_thread_blocked, id=872, stack(0x0000000022320000,0x0000000022420000)]
  0x000000002a694000 JavaThread "jar transforms Thread 132" [_thread_blocked, id=12328, stack(0x0000000022220000,0x0000000022320000)]
  0x000000002a692800 JavaThread "jar transforms Thread 131" [_thread_blocked, id=6852, stack(0x0000000022120000,0x0000000022220000)]
  0x000000002a694800 JavaThread "jar transforms Thread 130" [_thread_blocked, id=960, stack(0x0000000022020000,0x0000000022120000)]
  0x000000002a693000 JavaThread "jar transforms Thread 129" [_thread_blocked, id=10424, stack(0x0000000021f20000,0x0000000022020000)]
  0x000000002a691800 JavaThread "jar transforms Thread 128" [_thread_blocked, id=8132, stack(0x0000000021e20000,0x0000000021f20000)]
  0x000000002a690000 JavaThread "jar transforms Thread 127" [_thread_blocked, id=8056, stack(0x0000000021d20000,0x0000000021e20000)]
  0x000000002a695800 JavaThread "jar transforms Thread 126" [_thread_blocked, id=8352, stack(0x0000000021c20000,0x0000000021d20000)]
  0x000000002a691000 JavaThread "jar transforms Thread 125" [_thread_blocked, id=10268, stack(0x0000000021b20000,0x0000000021c20000)]
  0x000000001c40e000 JavaThread "jar transforms Thread 124" [_thread_blocked, id=5316, stack(0x0000000021a20000,0x0000000021b20000)]
  0x000000001c403000 JavaThread "jar transforms Thread 123" [_thread_blocked, id=2708, stack(0x0000000021920000,0x0000000021a20000)]
  0x000000001c409800 JavaThread "jar transforms Thread 122" [_thread_blocked, id=3144, stack(0x0000000021330000,0x0000000021430000)]
  0x000000001c401800 JavaThread "jar transforms Thread 121" [_thread_blocked, id=1544, stack(0x0000000021230000,0x0000000021330000)]
  0x000000001c408800 JavaThread "jar transforms Thread 120" [_thread_blocked, id=6160, stack(0x0000000021130000,0x0000000021230000)]
  0x000000001c405800 JavaThread "jar transforms Thread 119" [_thread_blocked, id=1280, stack(0x0000000021030000,0x0000000021130000)]
  0x000000001c404800 JavaThread "Build operations Thread 4" [_thread_blocked, id=9684, stack(0x0000000021820000,0x0000000021920000)]
  0x000000001c402800 JavaThread "Build operations Thread 3" [_thread_blocked, id=2316, stack(0x0000000021720000,0x0000000021820000)]
  0x000000001c404000 JavaThread "Build operations Thread 2" [_thread_blocked, id=9644, stack(0x0000000021620000,0x0000000021720000)]
  0x000000001c408000 JavaThread "Build operations" [_thread_blocked, id=6344, stack(0x0000000021520000,0x0000000021620000)]
  0x000000001c401000 JavaThread "Cache worker for Build Output Cleanup Cache (D:\flutter_projects\bkatilproject-main\bkatilproject-main\android\.gradle\buildOutputCleanup)" [_thread_blocked, id=10612, stack(0x0000000020f30000,0x0000000021030000)]
  0x00000000189ea000 JavaThread "Cache worker for cache directory md-rule (C:\Users\enes\.gradle\caches\6.7.1\md-rule)" [_thread_blocked, id=9688, stack(0x0000000020e30000,0x0000000020f30000)]
  0x00000000189e9800 JavaThread "Cache worker for cache directory md-supplier (C:\Users\enes\.gradle\caches\6.7.1\md-supplier)" [_thread_blocked, id=12392, stack(0x000000001eaf0000,0x000000001ebf0000)]
  0x00000000189e7800 JavaThread "Cache worker for checksums cache (D:\flutter_projects\bkatilproject-main\bkatilproject-main\android\.gradle\checksums)" [_thread_blocked, id=492, stack(0x000000001e7a0000,0x000000001e8a0000)]
  0x00000000189e8800 JavaThread "Cache worker for file hash cache (D:\flutter_projects\bkatilproject-main\bkatilproject-main\android\.gradle\6.7.1\fileHashes)" [_thread_blocked, id=7500, stack(0x000000001e6a0000,0x000000001e7a0000)]
  0x00000000189e0000 JavaThread "Thread-159" [_thread_blocked, id=2124, stack(0x000000001bd00000,0x000000001be00000)]
  0x00000000189e7000 JavaThread "Stdin handler" [_thread_blocked, id=8720, stack(0x000000001bc00000,0x000000001bd00000)]
  0x00000000189e6000 JavaThread "Asynchronous log dispatcher for DefaultDaemonConnection: socket connection from /127.0.0.1:57771 to /127.0.0.1:63597" [_thread_blocked, id=7504, stack(0x000000001bb00000,0x000000001bc00000)]
  0x00000000189de800 JavaThread "Daemon worker Thread 3" [_thread_blocked, id=8988, stack(0x000000001b800000,0x000000001b900000)]
  0x00000000189de000 JavaThread "Cancel handler" [_thread_blocked, id=9288, stack(0x000000001b500000,0x000000001b600000)]
  0x00000000189dc800 JavaThread "Handler for socket connection from /127.0.0.1:57771 to /127.0.0.1:63597" [_thread_in_native, id=10076, stack(0x00000000026e0000,0x00000000027e0000)]
  0x00000000189e3000 JavaThread "Daemon Thread 3" [_thread_blocked, id=1480, stack(0x0000000000c30000,0x0000000000d30000)]
  0x000000001c40a000 JavaThread "Memory manager" [_thread_blocked, id=13072, stack(0x0000000028db0000,0x0000000028eb0000)]
  0x00000000189e2800 JavaThread "Cache worker for file content cache (C:\Users\enes\.gradle\caches\6.7.1\fileContent)" [_thread_blocked, id=4692, stack(0x000000001fe80000,0x000000001ff80000)]
  0x00000000189db000 JavaThread "Cache worker for execution history cache (C:\Users\enes\.gradle\caches\6.7.1\executionHistory)" [_thread_blocked, id=3488, stack(0x000000001e8a0000,0x000000001e9a0000)]
  0x000000001626d000 JavaThread "Cache worker for journal cache (C:\Users\enes\.gradle\caches\journal-1)" [_thread_blocked, id=1832, stack(0x000000001e9f0000,0x000000001eaf0000)]
  0x000000001626c800 JavaThread "File lock request listener" [_thread_in_native, id=11972, stack(0x000000001c100000,0x000000001c200000)]
  0x000000001a166800 JavaThread "Cache worker for file hash cache (C:\Users\enes\.gradle\caches\6.7.1\fileHashes)" [_thread_blocked, id=12592, stack(0x000000001c000000,0x000000001c100000)]
  0x000000001a06c800 JavaThread "Daemon periodic checks" [_thread_blocked, id=2280, stack(0x000000001b400000,0x000000001b500000)]
  0x0000000019ff8800 JavaThread "Incoming local TCP Connector on port 57771" [_thread_in_native, id=9016, stack(0x000000001b1c0000,0x000000001b2c0000)]
  0x0000000019f32000 JavaThread "Daemon health stats" [_thread_blocked, id=5968, stack(0x0000000019980000,0x0000000019a80000)]
  0x00000000162ae800 JavaThread "Service Thread" daemon [_thread_blocked, id=8708, stack(0x0000000017fb0000,0x00000000180b0000)]
  0x0000000016269800 JavaThread "C1 CompilerThread2" daemon [_thread_blocked, id=3064, stack(0x0000000017ab0000,0x0000000017bb0000)]
=>0x0000000016263800 JavaThread "C2 CompilerThread1" daemon [_thread_in_native, id=4180, stack(0x00000000179b0000,0x0000000017ab0000)]
  0x0000000016259800 JavaThread "C2 CompilerThread0" daemon [_thread_in_native, id=12644, stack(0x00000000178b0000,0x00000000179b0000)]
  0x0000000016257800 JavaThread "Attach Listener" daemon [_thread_blocked, id=3172, stack(0x00000000177b0000,0x00000000178b0000)]
  0x0000000016256000 JavaThread "Signal Dispatcher" daemon [_thread_blocked, id=5236, stack(0x00000000176b0000,0x00000000177b0000)]
  0x00000000028dd000 JavaThread "Finalizer" daemon [_thread_blocked, id=9596, stack(0x00000000174b0000,0x00000000175b0000)]
  0x0000000016239000 JavaThread "Reference Handler" daemon [_thread_blocked, id=3140, stack(0x00000000173b0000,0x00000000174b0000)]
  0x00000000027e2800 JavaThread "main" [_thread_blocked, id=12736, stack(0x0000000002590000,0x0000000002690000)]

Other Threads:
  0x0000000016217800 VMThread [stack: 0x00000000172b0000,0x00000000173b0000] [id=1260]
  0x0000000017bee800 WatcherThread [stack: 0x00000000180b0000,0x00000000181b0000] [id=12976]

VM state:not at safepoint (normal execution)

VM Mutex/Monitor currently owned by a thread: None

OutOfMemory and StackOverflow Exception counts:
OutOfMemoryError java_heap_errors=4

heap address: 0x00000000a0000000, size: 1536 MB, Compressed Oops mode: 32-bit
Narrow klass base: 0x0000000000000000, Narrow klass shift: 3
Compressed class space size: 1073741824 Address: 0x0000000100000000

Heap:
 PSYoungGen      total 352768K, used 304794K [0x00000000e0000000, 0x00000000f8180000, 0x0000000100000000)
  eden space 328192K, 88% used [0x00000000e0000000,0x00000000f1b56068,0x00000000f4080000)
  from space 24576K, 59% used [0x00000000f6980000,0x00000000f77d0b40,0x00000000f8180000)
  to   space 33280K, 0% used [0x00000000f4080000,0x00000000f4080000,0x00000000f6100000)
 ParOldGen       total 209920K, used 99160K [0x00000000a0000000, 0x00000000acd00000, 0x00000000e0000000)
  object space 209920K, 47% used [0x00000000a0000000,0x00000000a60d62a0,0x00000000acd00000)
 Metaspace       used 85364K, capacity 92310K, committed 92328K, reserved 1128448K
  class space    used 11445K, capacity 12699K, committed 12712K, reserved 1048576K

Card table byte_map: [0x0000000011ca0000,0x0000000011fb0000] byte_map_base: 0x00000000117a0000

Marking Bits: (ParMarkBitMap*) 0x0000000051b0f030
 Begin Bits: [0x00000000125b0000, 0x0000000013db0000)
 End Bits:   [0x0000000013db0000, 0x00000000155b0000)

Polling page: 0x0000000000dd0000

CodeCache: size=245760Kb used=44320Kb max_used=44385Kb free=201439Kb
 bounds [0x00000000028e0000, 0x0000000005480000, 0x00000000118e0000]
 total_blobs=14164 nmethods=13340 adapters=736
 compilation: enabled

Compilation events (10 events):
Event: 3228.580 Thread 0x0000000016269800 nmethod 15918 0x0000000002d85150 code [0x0000000002d853a0, 0x0000000002d862d8]
Event: 3228.580 Thread 0x0000000016269800 15919       3       org.gradle.internal.io.StreamByteBuffer$StreamByteBufferOutputStream::write (22 bytes)
Event: 3228.580 Thread 0x0000000016269800 nmethod 15919 0x0000000002d8d0d0 code [0x0000000002d8d260, 0x0000000002d8d528]
Event: 3228.581 Thread 0x0000000016269800 15920       3       org.gradle.internal.io.StreamByteBuffer$StreamByteBufferChunk::write (32 bytes)
Event: 3228.581 Thread 0x0000000016269800 nmethod 15920 0x0000000003034d50 code [0x0000000003034ec0, 0x0000000003035090]
Event: 3228.582 Thread 0x0000000016269800 15921       3       org.gradle.internal.io.LineBufferingOutputStream::endsWithLineSeparator (27 bytes)
Event: 3228.582 Thread 0x0000000016269800 nmethod 15921 0x0000000002d570d0 code [0x0000000002d57220, 0x0000000002d57410]
Event: 3233.448 Thread 0x0000000016263800 15922   !   4       java.util.concurrent.LinkedBlockingQueue::poll (134 bytes)
Event: 3233.481 Thread 0x0000000016259800 15923       4       org.gradle.launcher.daemon.server.exec.DaemonConnectionBackedEventConsumer$ForwardEvents::moreMessagesToSend (35 bytes)
Event: 3233.482 Thread 0x0000000016259800 nmethod 15923 0x0000000003019b90 code [0x0000000003019ce0, 0x0000000003019de8]

GC Heap History (10 events):
Event: 84.628 GC heap before
{Heap before GC invocations=16 (full 3):
 PSYoungGen      total 250368K, used 232960K [0x00000000e0000000, 0x00000000f2800000, 0x0000000100000000)
  eden space 232960K, 100% used [0x00000000e0000000,0x00000000ee380000,0x00000000ee380000)
  from space 17408K, 0% used [0x00000000ef500000,0x00000000ef500000,0x00000000f0600000)
  to   space 17920K, 0% used [0x00000000ee380000,0x00000000ee380000,0x00000000ef500000)
 ParOldGen       total 111616K, used 38360K [0x00000000a0000000, 0x00000000a6d00000, 0x00000000e0000000)
  object space 111616K, 34% used [0x00000000a0000000,0x00000000a2576028,0x00000000a6d00000)
 Metaspace       used 63421K, capacity 67538K, committed 67752K, reserved 1107968K
  class space    used 8762K, capacity 9627K, committed 9640K, reserved 1048576K
Event: 84.648 GC heap after
Heap after GC invocations=16 (full 3):
 PSYoungGen      total 250880K, used 17888K [0x00000000e0000000, 0x00000000f4500000, 0x0000000100000000)
  eden space 232960K, 0% used [0x00000000e0000000,0x00000000e0000000,0x00000000ee380000)
  from space 17920K, 99% used [0x00000000ee380000,0x00000000ef4f8010,0x00000000ef500000)
  to   space 23040K, 0% used [0x00000000f2e80000,0x00000000f2e80000,0x00000000f4500000)
 ParOldGen       total 111616K, used 46185K [0x00000000a0000000, 0x00000000a6d00000, 0x00000000e0000000)
  object space 111616K, 41% used [0x00000000a0000000,0x00000000a2d1a6f8,0x00000000a6d00000)
 Metaspace       used 63421K, capacity 67538K, committed 67752K, reserved 1107968K
  class space    used 8762K, capacity 9627K, committed 9640K, reserved 1048576K
}
Event: 87.813 GC heap before
{Heap before GC invocations=17 (full 3):
 PSYoungGen      total 250880K, used 250848K [0x00000000e0000000, 0x00000000f4500000, 0x0000000100000000)
  eden space 232960K, 100% used [0x00000000e0000000,0x00000000ee380000,0x00000000ee380000)
  from space 17920K, 99% used [0x00000000ee380000,0x00000000ef4f8010,0x00000000ef500000)
  to   space 23040K, 0% used [0x00000000f2e80000,0x00000000f2e80000,0x00000000f4500000)
 ParOldGen       total 111616K, used 46185K [0x00000000a0000000, 0x00000000a6d00000, 0x00000000e0000000)
  object space 111616K, 41% used [0x00000000a0000000,0x00000000a2d1a6f8,0x00000000a6d00000)
 Metaspace       used 72934K, capacity 77986K, committed 78248K, reserved 1116160K
  class space    used 10051K, capacity 11071K, committed 11176K, reserved 1048576K
Event: 87.879 GC heap after
Heap after GC invocations=17 (full 3):
 PSYoungGen      total 297472K, used 23017K [0x00000000e0000000, 0x00000000f6280000, 0x0000000100000000)
  eden space 274432K, 0% used [0x00000000e0000000,0x00000000e0000000,0x00000000f0c00000)
  from space 23040K, 99% used [0x00000000f2e80000,0x00000000f44fa4e0,0x00000000f4500000)
  to   space 35328K, 0% used [0x00000000f0c00000,0x00000000f0c00000,0x00000000f2e80000)
 ParOldGen       total 111616K, used 70253K [0x00000000a0000000, 0x00000000a6d00000, 0x00000000e0000000)
  object space 111616K, 62% used [0x00000000a0000000,0x00000000a449b648,0x00000000a6d00000)
 Metaspace       used 72934K, capacity 77986K, committed 78248K, reserved 1116160K
  class space    used 10051K, capacity 11071K, committed 11176K, reserved 1048576K
}
Event: 103.086 GC heap before
{Heap before GC invocations=18 (full 3):
 PSYoungGen      total 297472K, used 297449K [0x00000000e0000000, 0x00000000f6280000, 0x0000000100000000)
  eden space 274432K, 100% used [0x00000000e0000000,0x00000000f0c00000,0x00000000f0c00000)
  from space 23040K, 99% used [0x00000000f2e80000,0x00000000f44fa4e0,0x00000000f4500000)
  to   space 35328K, 0% used [0x00000000f0c00000,0x00000000f0c00000,0x00000000f2e80000)
 ParOldGen       total 111616K, used 70253K [0x00000000a0000000, 0x00000000a6d00000, 0x00000000e0000000)
  object space 111616K, 62% used [0x00000000a0000000,0x00000000a449b648,0x00000000a6d00000)
 Metaspace       used 76721K, capacity 82902K, committed 82984K, reserved 1120256K
  class space    used 10569K, capacity 11759K, committed 11816K, reserved 1048576K
Event: 103.118 GC heap after
Heap after GC invocations=18 (full 3):
 PSYoungGen      total 309760K, used 20128K [0x00000000e0000000, 0x00000000f8c00000, 0x0000000100000000)
  eden space 274432K, 0% used [0x00000000e0000000,0x00000000e0000000,0x00000000f0c00000)
  from space 35328K, 56% used [0x00000000f0c00000,0x00000000f1fa8370,0x00000000f2e80000)
  to   space 35328K, 0% used [0x00000000f6980000,0x00000000f6980000,0x00000000f8c00000)
 ParOldGen       total 111616K, used 91556K [0x00000000a0000000, 0x00000000a6d00000, 0x00000000e0000000)
  object space 111616K, 82% used [0x00000000a0000000,0x00000000a5969290,0x00000000a6d00000)
 Metaspace       used 76721K, capacity 82902K, committed 82984K, reserved 1120256K
  class space    used 10569K, capacity 11759K, committed 11816K, reserved 1048576K
}
Event: 103.118 GC heap before
{Heap before GC invocations=19 (full 4):
 PSYoungGen      total 309760K, used 20128K [0x00000000e0000000, 0x00000000f8c00000, 0x0000000100000000)
  eden space 274432K, 0% used [0x00000000e0000000,0x00000000e0000000,0x00000000f0c00000)
  from space 35328K, 56% used [0x00000000f0c00000,0x00000000f1fa8370,0x00000000f2e80000)
  to   space 35328K, 0% used [0x00000000f6980000,0x00000000f6980000,0x00000000f8c00000)
 ParOldGen       total 111616K, used 91556K [0x00000000a0000000, 0x00000000a6d00000, 0x00000000e0000000)
  object space 111616K, 82% used [0x00000000a0000000,0x00000000a5969290,0x00000000a6d00000)
 Metaspace       used 76721K, capacity 82902K, committed 82984K, reserved 1120256K
  class space    used 10569K, capacity 11759K, committed 11816K, reserved 1048576K
Event: 103.409 GC heap after
Heap after GC invocations=19 (full 4):
 PSYoungGen      total 309760K, used 0K [0x00000000e0000000, 0x00000000f8c00000, 0x0000000100000000)
  eden space 274432K, 0% used [0x00000000e0000000,0x00000000e0000000,0x00000000f0c00000)
  from space 35328K, 0% used [0x00000000f0c00000,0x00000000f0c00000,0x00000000f2e80000)
  to   space 35328K, 0% used [0x00000000f6980000,0x00000000f6980000,0x00000000f8c00000)
 ParOldGen       total 209920K, used 99152K [0x00000000a0000000, 0x00000000acd00000, 0x00000000e0000000)
  object space 209920K, 47% used [0x00000000a0000000,0x00000000a60d42a0,0x00000000acd00000)
 Metaspace       used 76654K, capacity 82714K, committed 82984K, reserved 1120256K
  class space    used 10548K, capacity 11723K, committed 11816K, reserved 1048576K
}
Event: 123.819 GC heap before
{Heap before GC invocations=20 (full 4):
 PSYoungGen      total 309760K, used 274432K [0x00000000e0000000, 0x00000000f8c00000, 0x0000000100000000)
  eden space 274432K, 100% used [0x00000000e0000000,0x00000000f0c00000,0x00000000f0c00000)
  from space 35328K, 0% used [0x00000000f0c00000,0x00000000f0c00000,0x00000000f2e80000)
  to   space 35328K, 0% used [0x00000000f6980000,0x00000000f6980000,0x00000000f8c00000)
 ParOldGen       total 209920K, used 99152K [0x00000000a0000000, 0x00000000acd00000, 0x00000000e0000000)
  object space 209920K, 47% used [0x00000000a0000000,0x00000000a60d42a0,0x00000000acd00000)
 Metaspace       used 80942K, capacity 87098K, committed 87336K, reserved 1124352K
  class space    used 11086K, capacity 12248K, committed 12328K, reserved 1048576K
Event: 123.835 GC heap after
Heap after GC invocations=20 (full 4):
 PSYoungGen      total 352768K, used 14658K [0x00000000e0000000, 0x00000000f8180000, 0x0000000100000000)
  eden space 328192K, 0% used [0x00000000e0000000,0x00000000e0000000,0x00000000f4080000)
  from space 24576K, 59% used [0x00000000f6980000,0x00000000f77d0b40,0x00000000f8180000)
  to   space 33280K, 0% used [0x00000000f4080000,0x00000000f4080000,0x00000000f6100000)
 ParOldGen       total 209920K, used 99160K [0x00000000a0000000, 0x00000000acd00000, 0x00000000e0000000)
  object space 209920K, 47% used [0x00000000a0000000,0x00000000a60d62a0,0x00000000acd00000)
 Metaspace       used 80942K, capacity 87098K, committed 87336K, reserved 1124352K
  class space    used 11086K, capacity 12248K, committed 12328K, reserved 1048576K
}

Deoptimization events (10 events):
Event: 3222.537 Thread 0x00000000189de800 Uncommon trap: reason=unstable_if action=reinterpret pc=0x00000000046484a0 method=org.gradle.api.internal.AbstractTask.notifyProjectAccess()V @ 7
Event: 3222.699 Thread 0x000000001dce1000 Uncommon trap: reason=unstable_if action=reinterpret pc=0x00000000039a5880 method=java.lang.ProcessEnvironment$NameComparator.compare(Ljava/lang/String;Ljava/lang/String;)I @ 70
Event: 3222.702 Thread 0x000000001dce1000 Uncommon trap: reason=bimorphic action=maybe_recompile pc=0x000000000343b4f4 method=org.gradle.internal.event.ListenerBroadcast.dispatch(Lorg/gradle/internal/dispatch/MethodInvocation;)V @ 5
Event: 3228.524 Thread 0x000000001dce2000 Uncommon trap: reason=class_check action=maybe_recompile pc=0x0000000005111f40 method=org.gradle.internal.logging.sink.OutputEventTransformer.onOutput(Lorg/gradle/internal/logging/events/OutputEvent;)V @ 335
Event: 3228.525 Thread 0x000000001dce2000 Uncommon trap: reason=class_check action=maybe_recompile pc=0x0000000005111f40 method=org.gradle.internal.logging.sink.OutputEventTransformer.onOutput(Lorg/gradle/internal/logging/events/OutputEvent;)V @ 335
Event: 3228.525 Thread 0x000000001dce2000 Uncommon trap: reason=unstable_if action=reinterpret pc=0x000000000346aa10 method=org.gradle.internal.logging.text.AbstractLineChoppingStyledTextOutput$2.execute(Lorg/gradle/internal/logging/text/AbstractLineChoppingStyledTextOutput$StateContext;)V @ 30
Event: 3228.535 Thread 0x000000001dce2000 Uncommon trap: reason=class_check action=maybe_recompile pc=0x0000000005111f40 method=org.gradle.internal.logging.sink.OutputEventTransformer.onOutput(Lorg/gradle/internal/logging/events/OutputEvent;)V @ 335
Event: 3228.535 Thread 0x000000001dce2000 Uncommon trap: reason=class_check action=maybe_recompile pc=0x0000000005111f40 method=org.gradle.internal.logging.sink.OutputEventTransformer.onOutput(Lorg/gradle/internal/logging/events/OutputEvent;)V @ 335
Event: 3228.535 Thread 0x000000001dce2000 Uncommon trap: reason=unstable_if action=reinterpret pc=0x0000000002f3008c method=org.gradle.internal.logging.text.AbstractLineChoppingStyledTextOutput$2.execute(Lorg/gradle/internal/logging/text/AbstractLineChoppingStyledTextOutput$StateContext;)V @ 30
Event: 3228.535 Thread 0x000000001dce2000 Uncommon trap: reason=unstable_if action=reinterpret pc=0x0000000002f2c7d8 method=org.gradle.internal.logging.text.AbstractLineChoppingStyledTextOutput$2.execute(Lorg/gradle/internal/logging/text/AbstractLineChoppingStyledTextOutput$StateContext;)V @ 30

Classes redefined (0 events):
No events

Internal exceptions (10 events):
Event: 3222.601 Thread 0x00000000189de800 Exception <a 'java/lang/ClassNotFoundException': org/gradle/process/internal/DefaultProcessForkOptionsBeanInfo> (0x00000000f16f0aa8) thrown at [C:\src\AOSP-openjdk-git\hotspot\src\share\vm\classfile\systemDictionary.cpp, line 210]
Event: 3222.601 Thread 0x00000000189de800 Exception <a 'java/lang/ClassNotFoundException': org/gradle/process/internal/DefaultProcessForkOptionsCustomizer> (0x00000000f1736148) thrown at [C:\src\AOSP-openjdk-git\hotspot\src\share\vm\classfile\systemDictionary.cpp, line 210]
Event: 3222.603 Thread 0x00000000189de800 Exception <a 'java/lang/ClassNotFoundException': org/gradle/process/internal/AbstractExecHandleBuilderCustomizer> (0x00000000f178e440) thrown at [C:\src\AOSP-openjdk-git\hotspot\src\share\vm\classfile\systemDictionary.cpp, line 210]
Event: 3222.626 Thread 0x00000000189de800 Exception <a 'java/lang/ClassNotFoundException': org/gradle/process/internal/DefaultExecHandleBuilderCustomizer> (0x00000000f17e9a90) thrown at [C:\src\AOSP-openjdk-git\hotspot\src\share\vm\classfile\systemDictionary.cpp, line 210]
Event: 3222.628 Thread 0x00000000189de800 Exception <a 'java/lang/ClassNotFoundException': org/gradle/process/internal/DefaultExecActionCustomizer> (0x00000000f1867f68) thrown at [C:\src\AOSP-openjdk-git\hotspot\src\share\vm\classfile\systemDictionary.cpp, line 210]
Event: 3222.629 Thread 0x00000000189de800 Exception <a 'java/lang/ClassNotFoundException': org/gradle/process/internal/DefaultExecAction_DecoratedCustomizer> (0x00000000f18b9cc0) thrown at [C:\src\AOSP-openjdk-git\hotspot\src\share\vm\classfile\systemDictionary.cpp, line 210]
Event: 3222.631 Thread 0x00000000189de800 Exception <a 'java/lang/ClassNotFoundException': org/gradle/api/logging/LogLevelBeanInfo> (0x00000000f1923bf8) thrown at [C:\src\AOSP-openjdk-git\hotspot\src\share\vm\classfile\systemDictionary.cpp, line 210]
Event: 3222.632 Thread 0x00000000189de800 Exception <a 'java/lang/ClassNotFoundException': org/gradle/api/logging/LogLevelCustomizer> (0x00000000f1958de0) thrown at [C:\src\AOSP-openjdk-git\hotspot\src\share\vm\classfile\systemDictionary.cpp, line 210]
Event: 3222.635 Thread 0x00000000189de800 Exception <a 'java/lang/ClassNotFoundException': org/gradle/internal/logging/compatbridge/LoggingManagerInternalCompatibilityBridgeBeanInfo> (0x00000000f19e6488) thrown at [C:\src\AOSP-openjdk-git\hotspot\src\share\vm\classfile\systemDictionary.cpp, line 
Event: 3222.636 Thread 0x00000000189de800 Exception <a 'java/lang/ClassNotFoundException': org/gradle/internal/logging/compatbridge/LoggingManagerInternalCompatibilityBridgeCustomizer> (0x00000000f1a3ffa0) thrown at [C:\src\AOSP-openjdk-git\hotspot\src\share\vm\classfile\systemDictionary.cpp, lin

Events (10 events):
Event: 3228.577 Thread 0x0000000016269800 flushing nmethod 0x0000000003034d50
Event: 3228.580 Thread 0x0000000016269800 flushing nmethod 0x0000000003501e10
Event: 3228.580 Thread 0x0000000016269800 flushing nmethod 0x00000000035401d0
Event: 3228.580 Thread 0x0000000016269800 flushing nmethod 0x00000000035418d0
Event: 3228.580 Thread 0x0000000016269800 flushing nmethod 0x00000000035698d0
Event: 3228.580 Thread 0x0000000016269800 flushing nmethod 0x00000000035ca1d0
Event: 3228.580 Thread 0x0000000016269800 flushing nmethod 0x000000000360f8d0
Event: 3228.581 Thread 0x0000000016269800 flushing nmethod 0x0000000003980450
Event: 3228.581 Thread 0x0000000016269800 flushing nmethod 0x000000000399a710
Event: 3228.582 Thread 0x0000000016269800 flushing nmethod 0x0000000003b8be50


Dynamic libraries:
0x00007ff6135f0000 - 0x00007ff613621000 	C:\Program Files\Android\Android Studio1\jre\bin\java.exe
0x00007ffc5ceb0000 - 0x00007ffc5d0a5000 	C:\WINDOWS\SYSTEM32\ntdll.dll
0x00007ffc5bad0000 - 0x00007ffc5bb8d000 	C:\WINDOWS\System32\KERNEL32.DLL
0x00007ffc5a5f0000 - 0x00007ffc5a8b8000 	C:\WINDOWS\System32\KERNELBASE.dll
0x00007ffc5bb90000 - 0x00007ffc5bc3c000 	C:\WINDOWS\System32\ADVAPI32.dll
0x00007ffc5bd80000 - 0x00007ffc5be1e000 	C:\WINDOWS\System32\msvcrt.dll
0x00007ffc5b810000 - 0x00007ffc5b8ab000 	C:\WINDOWS\System32\sechost.dll
0x00007ffc5c070000 - 0x00007ffc5c19b000 	C:\WINDOWS\System32\RPCRT4.dll
0x00007ffc5bed0000 - 0x00007ffc5c070000 	C:\WINDOWS\System32\USER32.dll
0x00007ffc5aa00000 - 0x00007ffc5aa22000 	C:\WINDOWS\System32\win32u.dll
0x00007ffc5b7e0000 - 0x00007ffc5b80a000 	C:\WINDOWS\System32\GDI32.dll
0x00007ffc5ab20000 - 0x00007ffc5ac2b000 	C:\WINDOWS\System32\gdi32full.dll
0x00007ffc5aa80000 - 0x00007ffc5ab1d000 	C:\WINDOWS\System32\msvcp_win.dll
0x00007ffc5ac30000 - 0x00007ffc5ad30000 	C:\WINDOWS\System32\ucrtbase.dll
0x00007ffc51d40000 - 0x00007ffc51fda000 	C:\WINDOWS\WinSxS\amd64_microsoft.windows.common-controls_6595b64144ccf1df_6.0.19041.1052_none_60b8f8fd71f5e8cb\COMCTL32.dll
0x00007ffc5ba20000 - 0x00007ffc5ba50000 	C:\WINDOWS\System32\IMM32.DLL
0x0000000052800000 - 0x00000000528d2000 	C:\Program Files\Android\Android Studio1\jre\jre\bin\msvcr100.dll
0x0000000051340000 - 0x0000000051b8b000 	C:\Program Files\Android\Android Studio1\jre\jre\bin\server\jvm.dll
0x00007ffc5ce60000 - 0x00007ffc5ce68000 	C:\WINDOWS\System32\PSAPI.DLL
0x00007ffc578d0000 - 0x00007ffc578d9000 	C:\WINDOWS\SYSTEM32\WSOCK32.dll
0x00007ffc5b9b0000 - 0x00007ffc5ba1b000 	C:\WINDOWS\System32\WS2_32.dll
0x00007ffc56390000 - 0x00007ffc563b7000 	C:\WINDOWS\SYSTEM32\WINMM.dll
0x00007ffc53bf0000 - 0x00007ffc53bfa000 	C:\WINDOWS\SYSTEM32\VERSION.dll
0x00007ffc55ea0000 - 0x00007ffc55eaf000 	C:\Program Files\Android\Android Studio1\jre\jre\bin\verify.dll
0x00007ffc52480000 - 0x00007ffc524a9000 	C:\Program Files\Android\Android Studio1\jre\jre\bin\java.dll
0x00007ffc55d90000 - 0x00007ffc55da6000 	C:\Program Files\Android\Android Studio1\jre\jre\bin\zip.dll
0x00007ffc5c720000 - 0x00007ffc5ce5f000 	C:\WINDOWS\System32\SHELL32.dll
0x00007ffc58660000 - 0x00007ffc58df0000 	C:\WINDOWS\SYSTEM32\windows.storage.dll
0x00007ffc5b3b0000 - 0x00007ffc5b705000 	C:\WINDOWS\System32\combase.dll
0x00007ffc59ff0000 - 0x00007ffc5a01c000 	C:\WINDOWS\SYSTEM32\Wldp.dll
0x00007ffc5be20000 - 0x00007ffc5bece000 	C:\WINDOWS\System32\SHCORE.dll
0x00007ffc5c250000 - 0x00007ffc5c2a5000 	C:\WINDOWS\System32\shlwapi.dll
0x00007ffc5a530000 - 0x00007ffc5a54f000 	C:\WINDOWS\SYSTEM32\profapi.dll
0x00007ffc55d60000 - 0x00007ffc55d7a000 	C:\Program Files\Android\Android Studio1\jre\jre\bin\net.dll
0x00007ffc59d00000 - 0x00007ffc59d6a000 	C:\WINDOWS\system32\mswsock.dll
0x00007ffc522d0000 - 0x00007ffc522e3000 	C:\Program Files\Android\Android Studio1\jre\jre\bin\nio.dll
0x00007ffc52080000 - 0x00007ffc520a6000 	C:\Users\enes\.gradle\native\fdc75f09e3144964f2cf3f50f0aa648679c211496f362492102eb8c894070792\windows-amd64\native-platform.dll
0x00007ffc27db0000 - 0x00007ffc27f41000 	C:\Users\enes\.gradle\native\12488b8bf47d2d4c9fbf2f6322a914ad602e24e48041cd04a747c6da556b65c4\windows-amd64\native-platform-file-events.dll
0x00007ffc54e30000 - 0x00007ffc54e3d000 	C:\Program Files\Android\Android Studio1\jre\jre\bin\management.dll
0x00007ffc59ed0000 - 0x00007ffc59ee8000 	C:\WINDOWS\SYSTEM32\CRYPTSP.dll
0x00007ffc596a0000 - 0x00007ffc596d4000 	C:\WINDOWS\system32\rsaenh.dll
0x00007ffc5a970000 - 0x00007ffc5a997000 	C:\WINDOWS\System32\bcrypt.dll
0x00007ffc5a4f0000 - 0x00007ffc5a51e000 	C:\WINDOWS\SYSTEM32\USERENV.dll
0x00007ffc5ae90000 - 0x00007ffc5af13000 	C:\WINDOWS\System32\bcryptprimitives.dll
0x00007ffc59ef0000 - 0x00007ffc59efc000 	C:\WINDOWS\SYSTEM32\CRYPTBASE.dll
0x00007ffc599f0000 - 0x00007ffc59a2b000 	C:\WINDOWS\SYSTEM32\IPHLPAPI.DLL
0x00007ffc5b8b0000 - 0x00007ffc5b8b8000 	C:\WINDOWS\System32\NSI.dll
0x00007ffc53e70000 - 0x00007ffc53e87000 	C:\WINDOWS\SYSTEM32\dhcpcsvc6.DLL
0x00007ffc54100000 - 0x00007ffc5411d000 	C:\WINDOWS\SYSTEM32\dhcpcsvc.DLL
0x00007ffc59a30000 - 0x00007ffc59afc000 	C:\WINDOWS\SYSTEM32\DNSAPI.dll
0x00007ffc546a0000 - 0x00007ffc546ab000 	C:\WINDOWS\SYSTEM32\WINNSI.DLL

VM Arguments:
jvm_args: -Xmx1536M -Dfile.encoding=windows-1254 -Duser.country=TR -Duser.language=tr -Duser.variant 
java_command: org.gradle.launcher.daemon.bootstrap.GradleDaemon 6.7.1
java_class_path (initial): C:\Users\enes\.gradle\wrapper\dists\gradle-6.7.1-all\2moa8rlfac5eqlcfgk98k0deb\gradle-6.7.1\lib\gradle-launcher-6.7.1.jar
Launcher Type: SUN_STANDARD

Environment Variables:
JAVA_HOME=C:\Program Files\Android\Android Studio1\jre
CLASSPATH=D:\flutter_projects\bkatilproject-main\bkatilproject-main\android\\gradle\wrapper\gradle-wrapper.jar
PATH=C:\Program Files\Git\cmd;C:\Windows\System32;C:\Windows\SysWOW64;C:\Program Files\Java\jdk-12.0.2\bin;C:\OpenSSL\openssl-0.9.8k_X64;D:\src\flutter\bin;C:\Windows\System32\WindowsPowerShell\v1.0\;;C:\Program Files\NVIDIA Corporation\NVIDIA NvDLISR;C:\WINDOWS\system32;C:\WINDOWS;C:\WINDOWS\System32\Wbem;C:\WINDOWS\System32\WindowsPowerShell\v1.0\;C:\WINDOWS\System32\OpenSSH\;C:\Program Files\Common Files\Autodesk Shared\;C:\Program Files\Microsoft SQL Server\120\Tools\Binn\;D:\src\flutter\bin;C:\Users\enes\AppData\Local\Programs\Microsoft VS Code\bin;C:\Users\enes\AppData\Local\Microsoft\WindowsApps;;D:\src\flutter\bin\mingit\cmd
USERNAME=enes
OS=Windows_NT
PROCESSOR_IDENTIFIER=Intel64 Family 6 Model 158 Stepping 9, GenuineIntel



---------------  S Y S T E M  ---------------

OS: Windows 10.0 , 64 bit Build 19041 (10.0.19041.1023)

CPU:total 4 (initial active 4) (4 cores per cpu, 1 threads per core) family 6 model 158 stepping 9, cmov, cx8, fxsr, mmx, sse, sse2, sse3, ssse3, sse4.1, sse4.2, popcnt, avx, avx2, aes, clmul, erms, 3dnowpref, lzcnt, tsc, tscinvbit, bmi1, bmi2, adx

Memory: 4k page, physical 8306720k(1239380k free), swap 8306720k(3208k free)

vm_info: OpenJDK 64-Bit Server VM (25.242-b01) for windows-amd64 JRE (1.8.0_242-release-1644-b01), built by "builder" with MS VC++ 10.0 (VS2010)

time: Wed Jun 16 15:28:25 2021
timezone: Türkiye Standart Saati
elapsed time: 3233 seconds (0d 0h 53m 53s)

